Sat Mar 21 09:38:22 UTC 2020
2020/03/21 04:38:22 ../../tmpl is a directory, skipping...
2020/03/21 04:38:22 ../../tmpl/AppHelpTemplate.gotmpl is a file, packing in...
2020/03/21 04:38:22 ../../tmpl/CommandHelpTemplate.gotmpl is a file, packing in...
2020/03/21 04:38:22 ../../tmpl/SubcommandHelpTemplate.gotmpl is a file, packing in...
2020/03/21 04:38:22 ../../tmpl/freebsd-service.gotmpl is a file, packing in...
[OK] Go generate scripts completed successfully!
[OK] Go modules tidy completed!
[OK] Vendored code import completed!
[gosec] 2020/03/21 04:38:22 Including rules: default
[gosec] 2020/03/21 04:38:22 Excluding rules: default
[gosec] 2020/03/21 04:38:22 Import directory: /home/aescaler/code/xnotify/pkg/read/box
[gosec] 2020/03/21 04:38:22 Checking package: box
[gosec] 2020/03/21 04:38:22 Checking file: /home/aescaler/code/xnotify/pkg/read/box/blob.go
[gosec] 2020/03/21 04:38:22 Checking file: /home/aescaler/code/xnotify/pkg/read/box/box.go
[gosec] 2020/03/21 04:38:22 Import directory: /home/aescaler/code/xnotify/pkg/setup
[gosec] 2020/03/21 04:38:22 Checking package: setup
[gosec] 2020/03/21 04:38:22 Checking file: /home/aescaler/code/xnotify/pkg/setup/setup.go
[gosec] 2020/03/21 04:38:22 Import directory: /home/aescaler/code/xnotify
[gosec] 2020/03/21 04:38:23 Checking package: main
[gosec] 2020/03/21 04:38:23 Checking file: /home/aescaler/code/xnotify/main.go
[gosec] 2020/03/21 04:38:23 Import directory: /home/aescaler/code/xnotify/pkg/app/flg
[gosec] 2020/03/21 04:38:23 Checking package: flg
[gosec] 2020/03/21 04:38:23 Checking file: /home/aescaler/code/xnotify/pkg/app/flg/flg.go
[gosec] 2020/03/21 04:38:23 Import directory: /home/aescaler/code/xnotify/pkg/app/inf
[gosec] 2020/03/21 04:38:23 Checking package: inf
[gosec] 2020/03/21 04:38:23 Checking file: /home/aescaler/code/xnotify/pkg/app/inf/inf.go
[gosec] 2020/03/21 04:38:23 Import directory: /home/aescaler/code/xnotify/pkg/app/opt
[gosec] 2020/03/21 04:38:23 Checking package: opt
[gosec] 2020/03/21 04:38:23 Checking file: /home/aescaler/code/xnotify/pkg/app/opt/opt.go
[gosec] 2020/03/21 04:38:23 Import directory: /home/aescaler/code/xnotify/pkg/read
[gosec] 2020/03/21 04:38:23 Checking package: read
[gosec] 2020/03/21 04:38:23 Checking file: /home/aescaler/code/xnotify/pkg/read/read.go
[gosec] 2020/03/21 04:38:23 Import directory: /home/aescaler/code/xnotify/pkg/app
[gosec] 2020/03/21 04:38:23 Checking package: app
[gosec] 2020/03/21 04:38:23 Checking file: /home/aescaler/code/xnotify/pkg/app/app.go
[gosec] 2020/03/21 04:38:23 Import directory: /home/aescaler/code/xnotify/pkg/app/aut
[gosec] 2020/03/21 04:38:23 Checking package: aut
[gosec] 2020/03/21 04:38:23 Checking file: /home/aescaler/code/xnotify/pkg/app/aut/aut.go
[gosec] 2020/03/21 04:38:23 Import directory: /home/aescaler/code/xnotify/pkg/app/cmd
[gosec] 2020/03/21 04:38:23 Checking package: cmd
[gosec] 2020/03/21 04:38:23 Checking file: /home/aescaler/code/xnotify/pkg/app/cmd/cmd.go
Results:


Summary:
   Files: 11
   Lines: 441
   Nosec: 0
  Issues: 0

[OK] Go security check completed!
WORK=/tmp/go-build772697697
runtime/internal/sys
mkdir -p $WORK/b014/
cat >$WORK/b014/importcfg << 'EOF' # internal
# import config
EOF
cd /usr/local/go/src/runtime/internal/sys
/usr/local/go/pkg/tool/linux_amd64/compile -o $WORK/b014/_pkg_.a -trimpath "$WORK/b014=>;/usr/local/go/src/runtime/internal/sys=>runtime/internal/sys" -p runtime/internal/sys -std -+ -complete -buildid M7Ma1zb3oBmGFtIFpVNy/M7Ma1zb3oBmGFtIFpVNy -goversion go1.14 -D "" -importcfg $WORK/b014/importcfg -pack -c=4 ./arch.go ./arch_amd64.go ./intrinsics.go ./intrinsics_common.go ./stubs.go ./sys.go ./zgoarch_amd64.go ./zgoos_linux.go ./zversion.go
unicode
mkdir -p $WORK/b019/
cat >$WORK/b019/importcfg << 'EOF' # internal
# import config
EOF
cd /usr/local/go/src/unicode
/usr/local/go/pkg/tool/linux_amd64/compile -o $WORK/b019/_pkg_.a -trimpath "$WORK/b019=>;/usr/local/go/src/unicode=>unicode" -p unicode -std -complete -buildid vhzrhuN8qgfv2asrFNHT/vhzrhuN8qgfv2asrFNHT -goversion go1.14 -D "" -importcfg $WORK/b019/importcfg -pack -c=4 ./casetables.go ./digit.go ./graphic.go ./letter.go ./tables.go
internal/race
mkdir -p $WORK/b017/
cat >$WORK/b017/importcfg << 'EOF' # internal
# import config
EOF
internal/cpu
mkdir -p $WORK/b010/
cd /usr/local/go/src/internal/race
/usr/local/go/pkg/tool/linux_amd64/compile -o $WORK/b017/_pkg_.a -trimpath "$WORK/b017=>;/usr/local/go/src/internal/race=>internal/race" -p internal/race -std -complete -buildid M9GFuAR84SkHIUerb2-2/M9GFuAR84SkHIUerb2-2 -goversion go1.14 -D "" -importcfg $WORK/b017/importcfg -pack -c=4 ./doc.go ./norace.go
cat >$WORK/b010/go_asm.h << 'EOF' # internal
EOF
cd /usr/local/go/src/internal/cpu
/usr/local/go/pkg/tool/linux_amd64/asm -trimpath "$WORK/b010=>;/usr/local/go/src/internal/cpu=>internal/cpu" -I $WORK/b010/ -I /usr/local/go/pkg/include -D GOOS_linux -D GOARCH_amd64 -gensymabis -o $WORK/b010/symabis ./cpu_x86.s
unicode/utf8
mkdir -p $WORK/b020/
cat >$WORK/b020/importcfg << 'EOF' # internal
# import config
EOF
cd /usr/local/go/src/unicode/utf8
/usr/local/go/pkg/tool/linux_amd64/compile -o $WORK/b020/_pkg_.a -trimpath "$WORK/b020=>;/usr/local/go/src/unicode/utf8=>unicode/utf8" -p unicode/utf8 -std -complete -buildid soInvehz-Q_JHZzUW_sl/soInvehz-Q_JHZzUW_sl -goversion go1.14 -D "" -importcfg $WORK/b020/importcfg -pack -c=4 ./utf8.go
encoding
mkdir -p $WORK/b026/
cat >$WORK/b026/importcfg << 'EOF' # internal
# import config
EOF
cd /usr/local/go/src/encoding
/usr/local/go/pkg/tool/linux_amd64/compile -o $WORK/b026/_pkg_.a -trimpath "$WORK/b026=>;/usr/local/go/src/encoding=>encoding" -p encoding -std -complete -buildid f_uF8ayUErzygVjXXL2g/f_uF8ayUErzygVjXXL2g -goversion go1.14 -D "" -importcfg $WORK/b026/importcfg -pack -c=4 ./encoding.go
sync/atomic
mkdir -p $WORK/b018/
cat >$WORK/b018/go_asm.h << 'EOF' # internal
EOF
cd /usr/local/go/src/sync/atomic
/usr/local/go/pkg/tool/linux_amd64/asm -trimpath "$WORK/b018=>;/usr/local/go/src/sync/atomic=>sync/atomic" -I $WORK/b018/ -I /usr/local/go/pkg/include -D GOOS_linux -D GOARCH_amd64 -gensymabis -o $WORK/b018/symabis ./asm.s
cat >$WORK/b010/importcfg << 'EOF' # internal
# import config
EOF
cd /usr/local/go/src/internal/cpu
/usr/local/go/pkg/tool/linux_amd64/compile -o $WORK/b010/_pkg_.a -trimpath "$WORK/b010=>;/usr/local/go/src/internal/cpu=>internal/cpu" -p internal/cpu -std -+ -buildid FID91e3Gur4_HppZfn2a/FID91e3Gur4_HppZfn2a -goversion go1.14 -symabis $WORK/b010/symabis -D "" -importcfg $WORK/b010/importcfg -pack -asmhdr $WORK/b010/go_asm.h -c=4 ./cpu.go ./cpu_amd64.go ./cpu_x86.go
cat >$WORK/b018/importcfg << 'EOF' # internal
# import config
EOF
runtime/internal/atomic
cd /usr/local/go/src/sync/atomic
/usr/local/go/pkg/tool/linux_amd64/compile -o $WORK/b018/_pkg_.a -trimpath "$WORK/b018=>;/usr/local/go/src/sync/atomic=>sync/atomic" -p sync/atomic -std -buildid a8lvRqjZgWgJaiXuy3RV/a8lvRqjZgWgJaiXuy3RV -goversion go1.14 -symabis $WORK/b018/symabis -D "" -importcfg $WORK/b018/importcfg -pack -asmhdr $WORK/b018/go_asm.h -c=4 ./doc.go ./value.go
mkdir -p $WORK/b012/
cat >$WORK/b012/go_asm.h << 'EOF' # internal
EOF
cd /usr/local/go/src/runtime/internal/atomic
/usr/local/go/pkg/tool/linux_amd64/asm -trimpath "$WORK/b012=>;/usr/local/go/src/runtime/internal/atomic=>runtime/internal/atomic" -I $WORK/b012/ -I /usr/local/go/pkg/include -D GOOS_linux -D GOARCH_amd64 -gensymabis -o $WORK/b012/symabis ./asm_amd64.s
/usr/local/go/pkg/tool/linux_amd64/buildid -w $WORK/b017/_pkg_.a # internal
cp $WORK/b017/_pkg_.a /home/aescaler/.cache/go-build/f0/f0765ab3d0e181a698679fdfeb1bcd5c75413b9baf80839dde3d57fc81b88c71-d # internal
/usr/local/go/pkg/tool/linux_amd64/buildid -w $WORK/b014/_pkg_.a # internal
math/bits
mkdir -p $WORK/b030/
cat >$WORK/b030/importcfg << 'EOF' # internal
# import config
EOF
cd /usr/local/go/src/math/bits
/usr/local/go/pkg/tool/linux_amd64/compile -o $WORK/b030/_pkg_.a -trimpath "$WORK/b030=>;/usr/local/go/src/math/bits=>math/bits" -p math/bits -std -complete -buildid E5BoyrMDeo13hrOQVpIP/E5BoyrMDeo13hrOQVpIP -goversion go1.14 -D "" -importcfg $WORK/b030/importcfg -pack -c=4 ./bits.go ./bits_errors.go ./bits_tables.go
cp $WORK/b014/_pkg_.a /home/aescaler/.cache/go-build/83/83a270c867f9bcc7bae06886676b9e383f4da414a887b7594a9df8ab982e8cb0-d # internal
runtime/internal/math
mkdir -p $WORK/b013/
cat >$WORK/b013/importcfg << 'EOF' # internal
# import config
packagefile runtime/internal/sys=$WORK/b014/_pkg_.a
EOF
cd /usr/local/go/src/runtime/internal/math
/usr/local/go/pkg/tool/linux_amd64/compile -o $WORK/b013/_pkg_.a -trimpath "$WORK/b013=>;/usr/local/go/src/runtime/internal/math=>runtime/internal/math" -p runtime/internal/math -std -+ -complete -buildid 657soWLkBWQ4rIEUv95R/657soWLkBWQ4rIEUv95R -goversion go1.14 -D "" -importcfg $WORK/b013/importcfg -pack -c=4 ./math.go
/usr/local/go/pkg/tool/linux_amd64/buildid -w $WORK/b026/_pkg_.a # internal
cp $WORK/b026/_pkg_.a /home/aescaler/.cache/go-build/13/13fa05f6485f071735d792d40c2bad6a53a80ceb38fcb539cd3e8d1b7101f60b-d # internal
unicode/utf16
mkdir -p $WORK/b041/
cat >$WORK/b041/importcfg << 'EOF' # internal
# import config
EOF
cd /usr/local/go/src/unicode/utf16
/usr/local/go/pkg/tool/linux_amd64/compile -o $WORK/b041/_pkg_.a -trimpath "$WORK/b041=>;/usr/local/go/src/unicode/utf16=>unicode/utf16" -p unicode/utf16 -std -complete -buildid Yfen4RNYO7-3ULOG6Ksf/Yfen4RNYO7-3ULOG6Ksf -goversion go1.14 -D "" -importcfg $WORK/b041/importcfg -pack -c=4 ./utf16.go
cat >$WORK/b012/importcfg << 'EOF' # internal
# import config
EOF
cd /usr/local/go/src/sync/atomic
/usr/local/go/pkg/tool/linux_amd64/asm -trimpath "$WORK/b018=>;/usr/local/go/src/sync/atomic=>sync/atomic" -I $WORK/b018/ -I /usr/local/go/pkg/include -D GOOS_linux -D GOARCH_amd64 -o $WORK/b018/asm.o ./asm.s
cd /usr/local/go/src/runtime/internal/atomic
/usr/local/go/pkg/tool/linux_amd64/compile -o $WORK/b012/_pkg_.a -trimpath "$WORK/b012=>;/usr/local/go/src/runtime/internal/atomic=>runtime/internal/atomic" -p runtime/internal/atomic -std -+ -buildid xaqq8NdSYTSYK0I6Onls/xaqq8NdSYTSYK0I6Onls -goversion go1.14 -symabis $WORK/b012/symabis -D "" -importcfg $WORK/b012/importcfg -pack -asmhdr $WORK/b012/go_asm.h -c=4 ./atomic_amd64.go ./stubs.go
/usr/local/go/pkg/tool/linux_amd64/buildid -w $WORK/b020/_pkg_.a # internal
cp $WORK/b020/_pkg_.a /home/aescaler/.cache/go-build/ce/ce855a47ef7c738818a2258eecf39c8dc3743897beb15ffc30bbfc8e6b0a5fbf-d # internal
github.com/angelofdeauth/xnotify/pkg/read/box
mkdir -p $WORK/b059/
cat >$WORK/b059/importcfg << 'EOF' # internal
# import config
EOF
cd /home/aescaler/code/xnotify/pkg/read/box
/usr/local/go/pkg/tool/linux_amd64/compile -o $WORK/b059/_pkg_.a -trimpath "$WORK/b059=>;/home/aescaler/code/xnotify/pkg/read/box=>github.com/angelofdeauth/xnotify/pkg/read/box" -p github.com/angelofdeauth/xnotify/pkg/read/box -lang=go1.14 -complete -buildid vJ79EUcUtUUXmOHhbUJg/vJ79EUcUtUUXmOHhbUJg -goversion go1.14 -D "" -importcfg $WORK/b059/importcfg -pack -c=4 ./blob.go ./box.go
/usr/local/go/pkg/tool/linux_amd64/buildid -w $WORK/b013/_pkg_.a # internal
cp $WORK/b013/_pkg_.a /home/aescaler/.cache/go-build/ca/ca4ae891834cbaa22f5bf9a60162edb8148bb2e0abd66f1ac9427bf54f0638e4-d # internal
/usr/local/go/pkg/tool/linux_amd64/buildid -w $WORK/b030/_pkg_.a # internal
cd /usr/local/go/src/sync/atomic
/usr/local/go/pkg/tool/linux_amd64/pack r $WORK/b018/_pkg_.a $WORK/b018/asm.o # internal
/usr/local/go/pkg/tool/linux_amd64/buildid -w $WORK/b018/_pkg_.a # internal
cp $WORK/b030/_pkg_.a /home/aescaler/.cache/go-build/79/79dd709e731c8c69118959bbcce9fcdda21f40f30367fbb1a27f39292996fdd3-d # internal
cp $WORK/b018/_pkg_.a /home/aescaler/.cache/go-build/7f/7f1c2b6ba0e6f9e3a7302d612681784823dd91bba33c06ca8fdb2dc12bc43043-d # internal
internal/testlog
mkdir -p $WORK/b039/
cat >$WORK/b039/importcfg << 'EOF' # internal
# import config
packagefile sync/atomic=$WORK/b018/_pkg_.a
EOF
cd /usr/local/go/src/internal/testlog
/usr/local/go/pkg/tool/linux_amd64/compile -o $WORK/b039/_pkg_.a -trimpath "$WORK/b039=>;/usr/local/go/src/internal/testlog=>internal/testlog" -p internal/testlog -std -complete -buildid SBk6ExJGXo0Yn_Rt_GGa/SBk6ExJGXo0Yn_Rt_GGa -goversion go1.14 -D "" -importcfg $WORK/b039/importcfg -pack -c=4 ./log.go
/usr/local/go/pkg/tool/linux_amd64/buildid -w $WORK/b041/_pkg_.a # internal
cp $WORK/b041/_pkg_.a /home/aescaler/.cache/go-build/86/86ccb99b29eee797a6ed9511e0b4b9c636f48dfc6ff983e5eeaf6bb8b23f82ad-d # internal
cd /usr/local/go/src/internal/cpu
/usr/local/go/pkg/tool/linux_amd64/asm -trimpath "$WORK/b010=>;/usr/local/go/src/internal/cpu=>internal/cpu" -I $WORK/b010/ -I /usr/local/go/pkg/include -D GOOS_linux -D GOARCH_amd64 -o $WORK/b010/cpu_x86.o ./cpu_x86.s
cd /usr/local/go/src/runtime/internal/atomic
/usr/local/go/pkg/tool/linux_amd64/asm -trimpath "$WORK/b012=>;/usr/local/go/src/runtime/internal/atomic=>runtime/internal/atomic" -I $WORK/b012/ -I /usr/local/go/pkg/include -D GOOS_linux -D GOARCH_amd64 -o $WORK/b012/asm_amd64.o ./asm_amd64.s
cd /usr/local/go/src/internal/cpu
/usr/local/go/pkg/tool/linux_amd64/pack r $WORK/b010/_pkg_.a $WORK/b010/cpu_x86.o # internal
/usr/local/go/pkg/tool/linux_amd64/buildid -w $WORK/b010/_pkg_.a # internal
cp $WORK/b010/_pkg_.a /home/aescaler/.cache/go-build/73/73270f59565b0f3aba9dd19e83e2a3b9285c07f850419f504e08ca329bb0215e-d # internal
internal/bytealg
mkdir -p $WORK/b009/
cat >$WORK/b009/go_asm.h << 'EOF' # internal
EOF
math
mkdir -p $WORK/b029/
cat >$WORK/b029/go_asm.h << 'EOF' # internal
EOF
cd /usr/local/go/src/internal/bytealg
/usr/local/go/pkg/tool/linux_amd64/asm -trimpath "$WORK/b009=>;/usr/local/go/src/internal/bytealg=>internal/bytealg" -I $WORK/b009/ -I /usr/local/go/pkg/include -D GOOS_linux -D GOARCH_amd64 -gensymabis -o $WORK/b009/symabis ./compare_amd64.s ./count_amd64.s ./equal_amd64.s ./index_amd64.s ./indexbyte_amd64.s
cd /usr/local/go/src/math
/usr/local/go/pkg/tool/linux_amd64/asm -trimpath "$WORK/b029=>;/usr/local/go/src/math=>math" -I $WORK/b029/ -I /usr/local/go/pkg/include -D GOOS_linux -D GOARCH_amd64 -gensymabis -o $WORK/b029/symabis ./dim_amd64.s ./exp_amd64.s ./floor_amd64.s ./hypot_amd64.s ./log_amd64.s ./sqrt_amd64.s ./stubs_amd64.s
cd /usr/local/go/src/runtime/internal/atomic
/usr/local/go/pkg/tool/linux_amd64/pack r $WORK/b012/_pkg_.a $WORK/b012/asm_amd64.o # internal
/usr/local/go/pkg/tool/linux_amd64/buildid -w $WORK/b012/_pkg_.a # internal
cp $WORK/b012/_pkg_.a /home/aescaler/.cache/go-build/2a/2aab09e081d02f8b488793e40b4b7c2fceb220836c516b7410129782d3a3e6f3-d # internal
cat >$WORK/b029/importcfg << 'EOF' # internal
# import config
packagefile internal/cpu=$WORK/b010/_pkg_.a
packagefile math/bits=$WORK/b030/_pkg_.a
EOF
cd /usr/local/go/src/math
/usr/local/go/pkg/tool/linux_amd64/compile -o $WORK/b029/_pkg_.a -trimpath "$WORK/b029=>;/usr/local/go/src/math=>math" -p math -std -buildid Ef8cIq-IdESNV4Jye6Xt/Ef8cIq-IdESNV4Jye6Xt -goversion go1.14 -symabis $WORK/b029/symabis -D "" -importcfg $WORK/b029/importcfg -pack -asmhdr $WORK/b029/go_asm.h -c=4 ./abs.go ./acosh.go ./asin.go ./asinh.go ./atan.go ./atan2.go ./atanh.go ./bits.go ./cbrt.go ./const.go ./copysign.go ./dim.go ./erf.go ./erfinv.go ./exp.go ./exp_asm.go ./expm1.go ./floor.go ./fma.go ./frexp.go ./gamma.go ./hypot.go ./j0.go ./j1.go ./jn.go ./ldexp.go ./lgamma.go ./log.go ./log10.go ./log1p.go ./logb.go ./mod.go ./modf.go ./nextafter.go ./pow.go ./pow10.go ./remainder.go ./signbit.go ./sin.go ./sincos.go ./sinh.go ./sqrt.go ./tan.go ./tanh.go ./trig_reduce.go ./unsafe.go
cat >$WORK/b009/importcfg << 'EOF' # internal
# import config
packagefile internal/cpu=$WORK/b010/_pkg_.a
EOF
cd /usr/local/go/src/internal/bytealg
/usr/local/go/pkg/tool/linux_amd64/compile -o $WORK/b009/_pkg_.a -trimpath "$WORK/b009=>;/usr/local/go/src/internal/bytealg=>internal/bytealg" -p internal/bytealg -std -+ -buildid If26wfmGxFh3J0FY_53Q/If26wfmGxFh3J0FY_53Q -goversion go1.14 -symabis $WORK/b009/symabis -D "" -importcfg $WORK/b009/importcfg -pack -asmhdr $WORK/b009/go_asm.h -c=4 ./bytealg.go ./compare_native.go ./count_native.go ./equal_generic.go ./equal_native.go ./index_amd64.go ./index_native.go ./indexbyte_native.go
/usr/local/go/pkg/tool/linux_amd64/buildid -w $WORK/b039/_pkg_.a # internal
cp $WORK/b039/_pkg_.a /home/aescaler/.cache/go-build/36/36761bf75df0a30d646fc317a545167308ecb6052c7364801af07dab5b14c0d7-d # internal
/usr/local/go/pkg/tool/linux_amd64/buildid -w $WORK/b059/_pkg_.a # internal
cp $WORK/b059/_pkg_.a /home/aescaler/.cache/go-build/da/daf17a43c5aab04e9e68c9e5550a7331f6ec6f0664f5bbf9009d6fa216b3d3f0-d # internal
github.com/angelofdeauth/xnotify/pkg/read
mkdir -p $WORK/b058/
cat >$WORK/b058/importcfg << 'EOF' # internal
# import config
packagefile github.com/angelofdeauth/xnotify/pkg/read/box=$WORK/b059/_pkg_.a
EOF
cd /home/aescaler/code/xnotify/pkg/read
/usr/local/go/pkg/tool/linux_amd64/compile -o $WORK/b058/_pkg_.a -trimpath "$WORK/b058=>;/home/aescaler/code/xnotify/pkg/read=>github.com/angelofdeauth/xnotify/pkg/read" -p github.com/angelofdeauth/xnotify/pkg/read -lang=go1.14 -complete -buildid xoH7BeAFphqH7xznIgTW/xoH7BeAFphqH7xznIgTW -goversion go1.14 -D "" -importcfg $WORK/b058/importcfg -pack -c=4 ./read.go
/usr/local/go/pkg/tool/linux_amd64/buildid -w $WORK/b058/_pkg_.a # internal
cp $WORK/b058/_pkg_.a /home/aescaler/.cache/go-build/97/97b435ef878ddf1c9850bccce3d350980d4ad959e25ce90df09c3e261391a31f-d # internal
cd /usr/local/go/src/internal/bytealg
/usr/local/go/pkg/tool/linux_amd64/asm -trimpath "$WORK/b009=>;/usr/local/go/src/internal/bytealg=>internal/bytealg" -I $WORK/b009/ -I /usr/local/go/pkg/include -D GOOS_linux -D GOARCH_amd64 -o $WORK/b009/compare_amd64.o ./compare_amd64.s
/usr/local/go/pkg/tool/linux_amd64/asm -trimpath "$WORK/b009=>;/usr/local/go/src/internal/bytealg=>internal/bytealg" -I $WORK/b009/ -I /usr/local/go/pkg/include -D GOOS_linux -D GOARCH_amd64 -o $WORK/b009/count_amd64.o ./count_amd64.s
/usr/local/go/pkg/tool/linux_amd64/asm -trimpath "$WORK/b009=>;/usr/local/go/src/internal/bytealg=>internal/bytealg" -I $WORK/b009/ -I /usr/local/go/pkg/include -D GOOS_linux -D GOARCH_amd64 -o $WORK/b009/equal_amd64.o ./equal_amd64.s
/usr/local/go/pkg/tool/linux_amd64/asm -trimpath "$WORK/b009=>;/usr/local/go/src/internal/bytealg=>internal/bytealg" -I $WORK/b009/ -I /usr/local/go/pkg/include -D GOOS_linux -D GOARCH_amd64 -o $WORK/b009/index_amd64.o ./index_amd64.s
/usr/local/go/pkg/tool/linux_amd64/asm -trimpath "$WORK/b009=>;/usr/local/go/src/internal/bytealg=>internal/bytealg" -I $WORK/b009/ -I /usr/local/go/pkg/include -D GOOS_linux -D GOARCH_amd64 -o $WORK/b009/indexbyte_amd64.o ./indexbyte_amd64.s
/usr/local/go/pkg/tool/linux_amd64/buildid -w $WORK/b019/_pkg_.a # internal
/usr/local/go/pkg/tool/linux_amd64/pack r $WORK/b009/_pkg_.a $WORK/b009/compare_amd64.o $WORK/b009/count_amd64.o $WORK/b009/equal_amd64.o $WORK/b009/index_amd64.o $WORK/b009/indexbyte_amd64.o # internal
/usr/local/go/pkg/tool/linux_amd64/buildid -w $WORK/b009/_pkg_.a # internal
cp $WORK/b009/_pkg_.a /home/aescaler/.cache/go-build/95/950287a833b7f877527952cf850866750496823f89186b99d5ce265c67536074-d # internal
cp $WORK/b019/_pkg_.a /home/aescaler/.cache/go-build/2e/2ee0b89a7231b3c38666aeba34bf9313729963b99a02cecd948b7e209f943894-d # internal
github.com/shurcooL/sanitized_anchor_name
mkdir -p $WORK/b045/
cat >$WORK/b045/importcfg << 'EOF' # internal
# import config
packagefile unicode=$WORK/b019/_pkg_.a
EOF
cd /home/aescaler/code/xnotify/vendor/github.com/shurcooL/sanitized_anchor_name
/usr/local/go/pkg/tool/linux_amd64/compile -o $WORK/b045/_pkg_.a -trimpath "$WORK/b045=>;/home/aescaler/code/xnotify/vendor/github.com/shurcooL/sanitized_anchor_name=>github.com/shurcooL/sanitized_anchor_name@v1.0.0" -p github.com/shurcooL/sanitized_anchor_name -complete -buildid fowYxul6OQvpVhp3klN9/fowYxul6OQvpVhp3klN9 -goversion go1.14 -D "" -importcfg $WORK/b045/importcfg -pack -c=4 ./main.go
runtime
mkdir -p $WORK/b008/
cat >$WORK/b008/go_asm.h << 'EOF' # internal
EOF
cd /usr/local/go/src/runtime
/usr/local/go/pkg/tool/linux_amd64/asm -trimpath "$WORK/b008=>;/usr/local/go/src/runtime=>runtime" -I $WORK/b008/ -I /usr/local/go/pkg/include -D GOOS_linux -D GOARCH_amd64 -gensymabis -o $WORK/b008/symabis ./asm.s ./asm_amd64.s ./duff_amd64.s ./memclr_amd64.s ./memmove_amd64.s ./preempt_amd64.s ./rt0_linux_amd64.s ./sys_linux_amd64.s
/usr/local/go/pkg/tool/linux_amd64/buildid -w $WORK/b045/_pkg_.a # internal
cp $WORK/b045/_pkg_.a /home/aescaler/.cache/go-build/2d/2d61ea398fee32b20adabdf6f0e6eaa66e0c0d22197dfead79a6868a531e75bf-d # internal
cat >$WORK/b008/importcfg << 'EOF' # internal
# import config
packagefile internal/bytealg=$WORK/b009/_pkg_.a
packagefile internal/cpu=$WORK/b010/_pkg_.a
packagefile runtime/internal/atomic=$WORK/b012/_pkg_.a
packagefile runtime/internal/math=$WORK/b013/_pkg_.a
packagefile runtime/internal/sys=$WORK/b014/_pkg_.a
EOF
/usr/local/go/pkg/tool/linux_amd64/compile -o $WORK/b008/_pkg_.a -trimpath "$WORK/b008=>;/usr/local/go/src/runtime=>runtime" -p runtime -std -+ -buildid YLnJ5ymdAxr6jkZjHJnp/YLnJ5ymdAxr6jkZjHJnp -goversion go1.14 -symabis $WORK/b008/symabis -D "" -importcfg $WORK/b008/importcfg -pack -asmhdr $WORK/b008/go_asm.h -c=4 ./alg.go ./atomic_pointer.go ./cgo.go ./cgo_mmap.go ./cgo_sigaction.go ./cgocall.go ./cgocallback.go ./cgocheck.go ./chan.go ./checkptr.go ./compiler.go ./complex.go ./cpuflags.go ./cpuflags_amd64.go ./cpuprof.go ./cputicks.go ./debug.go ./debugcall.go ./debuglog.go ./debuglog_off.go ./defs_linux_amd64.go ./env_posix.go ./error.go ./extern.go ./fastlog2.go ./fastlog2table.go ./float.go ./hash64.go ./heapdump.go ./iface.go ./lfstack.go ./lfstack_64bit.go ./lock_futex.go ./malloc.go ./map.go ./map_fast32.go ./map_fast64.go ./map_faststr.go ./mbarrier.go ./mbitmap.go ./mcache.go ./mcentral.go ./mem_linux.go ./mfinal.go ./mfixalloc.go ./mgc.go ./mgcmark.go ./mgcscavenge.go ./mgcstack.go ./mgcsweep.go ./mgcsweepbuf.go ./mgcwork.go ./mheap.go ./mpagealloc.go ./mpagealloc_64bit.go ./mpagecache.go ./mpallocbits.go ./mprof.go ./mranges.go ./msan0.go ./msize.go ./mstats.go ./mwbbuf.go ./nbpipe_pipe2.go ./netpoll.go ./netpoll_epoll.go ./os_linux.go ./os_linux_generic.go ./os_linux_noauxv.go ./os_linux_x86.go ./os_nonopenbsd.go ./panic.go ./plugin.go ./preempt.go ./preempt_nonwindows.go ./print.go ./proc.go ./profbuf.go ./proflabel.go ./race0.go ./rdebug.go ./relax_stub.go ./runtime.go ./runtime1.go ./runtime2.go ./rwmutex.go ./select.go ./sema.go ./signal_amd64.go ./signal_linux_amd64.go ./signal_unix.go ./sigqueue.go ./sigqueue_note.go ./sigtab_linux_generic.go ./sizeclasses.go ./slice.go ./softfloat64.go ./stack.go ./string.go ./stubs.go ./stubs2.go ./stubs3.go ./stubs_amd64.go ./stubs_linux.go ./symtab.go ./sys_nonppc64x.go ./sys_x86.go ./time.go ./time_nofake.go ./timestub.go ./timestub2.go ./trace.go ./traceback.go ./type.go ./typekind.go ./utf8.go ./vdso_elf64.go ./vdso_linux.go ./vdso_linux_amd64.go ./write_err.go
cd /usr/local/go/src/math
/usr/local/go/pkg/tool/linux_amd64/asm -trimpath "$WORK/b029=>;/usr/local/go/src/math=>math" -I $WORK/b029/ -I /usr/local/go/pkg/include -D GOOS_linux -D GOARCH_amd64 -o $WORK/b029/dim_amd64.o ./dim_amd64.s
/usr/local/go/pkg/tool/linux_amd64/asm -trimpath "$WORK/b029=>;/usr/local/go/src/math=>math" -I $WORK/b029/ -I /usr/local/go/pkg/include -D GOOS_linux -D GOARCH_amd64 -o $WORK/b029/exp_amd64.o ./exp_amd64.s
/usr/local/go/pkg/tool/linux_amd64/asm -trimpath "$WORK/b029=>;/usr/local/go/src/math=>math" -I $WORK/b029/ -I /usr/local/go/pkg/include -D GOOS_linux -D GOARCH_amd64 -o $WORK/b029/floor_amd64.o ./floor_amd64.s
/usr/local/go/pkg/tool/linux_amd64/asm -trimpath "$WORK/b029=>;/usr/local/go/src/math=>math" -I $WORK/b029/ -I /usr/local/go/pkg/include -D GOOS_linux -D GOARCH_amd64 -o $WORK/b029/hypot_amd64.o ./hypot_amd64.s
/usr/local/go/pkg/tool/linux_amd64/asm -trimpath "$WORK/b029=>;/usr/local/go/src/math=>math" -I $WORK/b029/ -I /usr/local/go/pkg/include -D GOOS_linux -D GOARCH_amd64 -o $WORK/b029/log_amd64.o ./log_amd64.s
/usr/local/go/pkg/tool/linux_amd64/asm -trimpath "$WORK/b029=>;/usr/local/go/src/math=>math" -I $WORK/b029/ -I /usr/local/go/pkg/include -D GOOS_linux -D GOARCH_amd64 -o $WORK/b029/sqrt_amd64.o ./sqrt_amd64.s
/usr/local/go/pkg/tool/linux_amd64/asm -trimpath "$WORK/b029=>;/usr/local/go/src/math=>math" -I $WORK/b029/ -I /usr/local/go/pkg/include -D GOOS_linux -D GOARCH_amd64 -o $WORK/b029/stubs_amd64.o ./stubs_amd64.s
/usr/local/go/pkg/tool/linux_amd64/pack r $WORK/b029/_pkg_.a $WORK/b029/dim_amd64.o $WORK/b029/exp_amd64.o $WORK/b029/floor_amd64.o $WORK/b029/hypot_amd64.o $WORK/b029/log_amd64.o $WORK/b029/sqrt_amd64.o $WORK/b029/stubs_amd64.o # internal
/usr/local/go/pkg/tool/linux_amd64/buildid -w $WORK/b029/_pkg_.a # internal
cp $WORK/b029/_pkg_.a /home/aescaler/.cache/go-build/68/688cabc5748243c80b16c275fec87c66a958d1a6dca844f3f9382159aad0517d-d # internal
cd /usr/local/go/src/runtime
/usr/local/go/pkg/tool/linux_amd64/asm -trimpath "$WORK/b008=>;/usr/local/go/src/runtime=>runtime" -I $WORK/b008/ -I /usr/local/go/pkg/include -D GOOS_linux -D GOARCH_amd64 -o $WORK/b008/asm.o ./asm.s
/usr/local/go/pkg/tool/linux_amd64/asm -trimpath "$WORK/b008=>;/usr/local/go/src/runtime=>runtime" -I $WORK/b008/ -I /usr/local/go/pkg/include -D GOOS_linux -D GOARCH_amd64 -o $WORK/b008/asm_amd64.o ./asm_amd64.s
/usr/local/go/pkg/tool/linux_amd64/asm -trimpath "$WORK/b008=>;/usr/local/go/src/runtime=>runtime" -I $WORK/b008/ -I /usr/local/go/pkg/include -D GOOS_linux -D GOARCH_amd64 -o $WORK/b008/duff_amd64.o ./duff_amd64.s
/usr/local/go/pkg/tool/linux_amd64/asm -trimpath "$WORK/b008=>;/usr/local/go/src/runtime=>runtime" -I $WORK/b008/ -I /usr/local/go/pkg/include -D GOOS_linux -D GOARCH_amd64 -o $WORK/b008/memclr_amd64.o ./memclr_amd64.s
/usr/local/go/pkg/tool/linux_amd64/asm -trimpath "$WORK/b008=>;/usr/local/go/src/runtime=>runtime" -I $WORK/b008/ -I /usr/local/go/pkg/include -D GOOS_linux -D GOARCH_amd64 -o $WORK/b008/memmove_amd64.o ./memmove_amd64.s
/usr/local/go/pkg/tool/linux_amd64/asm -trimpath "$WORK/b008=>;/usr/local/go/src/runtime=>runtime" -I $WORK/b008/ -I /usr/local/go/pkg/include -D GOOS_linux -D GOARCH_amd64 -o $WORK/b008/preempt_amd64.o ./preempt_amd64.s
/usr/local/go/pkg/tool/linux_amd64/asm -trimpath "$WORK/b008=>;/usr/local/go/src/runtime=>runtime" -I $WORK/b008/ -I /usr/local/go/pkg/include -D GOOS_linux -D GOARCH_amd64 -o $WORK/b008/rt0_linux_amd64.o ./rt0_linux_amd64.s
/usr/local/go/pkg/tool/linux_amd64/asm -trimpath "$WORK/b008=>;/usr/local/go/src/runtime=>runtime" -I $WORK/b008/ -I /usr/local/go/pkg/include -D GOOS_linux -D GOARCH_amd64 -o $WORK/b008/sys_linux_amd64.o ./sys_linux_amd64.s
/usr/local/go/pkg/tool/linux_amd64/pack r $WORK/b008/_pkg_.a $WORK/b008/asm.o $WORK/b008/asm_amd64.o $WORK/b008/duff_amd64.o $WORK/b008/memclr_amd64.o $WORK/b008/memmove_amd64.o $WORK/b008/preempt_amd64.o $WORK/b008/rt0_linux_amd64.o $WORK/b008/sys_linux_amd64.o # internal
/usr/local/go/pkg/tool/linux_amd64/buildid -w $WORK/b008/_pkg_.a # internal
cp $WORK/b008/_pkg_.a /home/aescaler/.cache/go-build/9c/9c3cc9961a593c75e7ce635104f7836b7173425067a95a4aed2da9f7717106f7-d # internal
internal/reflectlite
mkdir -p $WORK/b007/
sync
mkdir -p $WORK/b016/
cat >$WORK/b007/go_asm.h << 'EOF' # internal
EOF
cat >$WORK/b016/importcfg << 'EOF' # internal
# import config
packagefile internal/race=$WORK/b017/_pkg_.a
packagefile runtime=$WORK/b008/_pkg_.a
packagefile sync/atomic=$WORK/b018/_pkg_.a
EOF
cd /usr/local/go/src/internal/reflectlite
/usr/local/go/pkg/tool/linux_amd64/asm -trimpath "$WORK/b007=>;/usr/local/go/src/internal/reflectlite=>internal/reflectlite" -I $WORK/b007/ -I /usr/local/go/pkg/include -D GOOS_linux -D GOARCH_amd64 -gensymabis -o $WORK/b007/symabis ./asm.s
cd /usr/local/go/src/sync
/usr/local/go/pkg/tool/linux_amd64/compile -o $WORK/b016/_pkg_.a -trimpath "$WORK/b016=>;/usr/local/go/src/sync=>sync" -p sync -std -buildid y0j3UOj7TUMB0TSej5Mo/y0j3UOj7TUMB0TSej5Mo -goversion go1.14 -D "" -importcfg $WORK/b016/importcfg -pack -c=4 ./cond.go ./map.go ./mutex.go ./once.go ./pool.go ./poolqueue.go ./runtime.go ./rwmutex.go ./waitgroup.go
cat >$WORK/b007/importcfg << 'EOF' # internal
# import config
packagefile runtime=$WORK/b008/_pkg_.a
EOF
cd /usr/local/go/src/internal/reflectlite
/usr/local/go/pkg/tool/linux_amd64/compile -o $WORK/b007/_pkg_.a -trimpath "$WORK/b007=>;/usr/local/go/src/internal/reflectlite=>internal/reflectlite" -p internal/reflectlite -std -buildid vga1mISw39uGVPJs98kS/vga1mISw39uGVPJs98kS -goversion go1.14 -symabis $WORK/b007/symabis -D "" -importcfg $WORK/b007/importcfg -pack -asmhdr $WORK/b007/go_asm.h -c=4 ./swapper.go ./type.go ./value.go
/usr/local/go/pkg/tool/linux_amd64/buildid -w $WORK/b016/_pkg_.a # internal
cp $WORK/b016/_pkg_.a /home/aescaler/.cache/go-build/d6/d65847ffdfa144c66e6bc8bd7ab9269bc0fc7ccddb2b375eafcd5a6505c07277-d # internal
/usr/local/go/pkg/tool/linux_amd64/asm -trimpath "$WORK/b007=>;/usr/local/go/src/internal/reflectlite=>internal/reflectlite" -I $WORK/b007/ -I /usr/local/go/pkg/include -D GOOS_linux -D GOARCH_amd64 -o $WORK/b007/asm.o ./asm.s
/usr/local/go/pkg/tool/linux_amd64/pack r $WORK/b007/_pkg_.a $WORK/b007/asm.o # internal
/usr/local/go/pkg/tool/linux_amd64/buildid -w $WORK/b007/_pkg_.a # internal
cp $WORK/b007/_pkg_.a /home/aescaler/.cache/go-build/96/96ef519806940532c157ae3c6faa072504e56b2bb07da95312f07b3400685bbf-d # internal
errors
mkdir -p $WORK/b006/
cat >$WORK/b006/importcfg << 'EOF' # internal
# import config
packagefile internal/reflectlite=$WORK/b007/_pkg_.a
EOF
cd /usr/local/go/src/errors
/usr/local/go/pkg/tool/linux_amd64/compile -o $WORK/b006/_pkg_.a -trimpath "$WORK/b006=>;/usr/local/go/src/errors=>errors" -p errors -std -complete -buildid xn4UUCaT-OZdXn1av_AB/xn4UUCaT-OZdXn1av_AB -goversion go1.14 -D "" -importcfg $WORK/b006/importcfg -pack -c=4 ./errors.go ./wrap.go
sort
mkdir -p $WORK/b035/
cat >$WORK/b035/importcfg << 'EOF' # internal
# import config
packagefile internal/reflectlite=$WORK/b007/_pkg_.a
EOF
cd /usr/local/go/src/sort
/usr/local/go/pkg/tool/linux_amd64/compile -o $WORK/b035/_pkg_.a -trimpath "$WORK/b035=>;/usr/local/go/src/sort=>sort" -p sort -std -complete -buildid 4yJNZrrn4T_NYP8DY6rp/4yJNZrrn4T_NYP8DY6rp -goversion go1.14 -D "" -importcfg $WORK/b035/importcfg -pack -c=4 ./search.go ./slice.go ./slice_go113.go ./sort.go ./zfuncversion.go
/usr/local/go/pkg/tool/linux_amd64/buildid -w $WORK/b006/_pkg_.a # internal
cp $WORK/b006/_pkg_.a /home/aescaler/.cache/go-build/29/292748909c450b971c9d9111821599fa81c44d24ca918a7e1504834d88e948d2-d # internal
internal/oserror
mkdir -p $WORK/b024/
cat >$WORK/b024/importcfg << 'EOF' # internal
# import config
packagefile errors=$WORK/b006/_pkg_.a
EOF
cd /usr/local/go/src/internal/oserror
/usr/local/go/pkg/tool/linux_amd64/compile -o $WORK/b024/_pkg_.a -trimpath "$WORK/b024=>;/usr/local/go/src/internal/oserror=>internal/oserror" -p internal/oserror -std -complete -buildid 4r44KNDSnv9gZWt17wQt/4r44KNDSnv9gZWt17wQt -goversion go1.14 -D "" -importcfg $WORK/b024/importcfg -pack -c=4 ./errors.go
io
mkdir -p $WORK/b015/
cat >$WORK/b015/importcfg << 'EOF' # internal
# import config
packagefile errors=$WORK/b006/_pkg_.a
packagefile sync=$WORK/b016/_pkg_.a
EOF
cd /usr/local/go/src/io
/usr/local/go/pkg/tool/linux_amd64/compile -o $WORK/b015/_pkg_.a -trimpath "$WORK/b015=>;/usr/local/go/src/io=>io" -p io -std -complete -buildid LR2MgmlO_hFJcyjGf0i5/LR2MgmlO_hFJcyjGf0i5 -goversion go1.14 -D "" -importcfg $WORK/b015/importcfg -pack -c=4 ./io.go ./multi.go ./pipe.go
strconv
mkdir -p $WORK/b032/
cat >$WORK/b032/importcfg << 'EOF' # internal
# import config
packagefile errors=$WORK/b006/_pkg_.a
packagefile internal/bytealg=$WORK/b009/_pkg_.a
packagefile math=$WORK/b029/_pkg_.a
packagefile math/bits=$WORK/b030/_pkg_.a
packagefile unicode/utf8=$WORK/b020/_pkg_.a
EOF
cd /usr/local/go/src/strconv
/usr/local/go/pkg/tool/linux_amd64/compile -o $WORK/b032/_pkg_.a -trimpath "$WORK/b032=>;/usr/local/go/src/strconv=>strconv" -p strconv -std -complete -buildid tVTvbAR1ATVE5f210pAH/tVTvbAR1ATVE5f210pAH -goversion go1.14 -D "" -importcfg $WORK/b032/importcfg -pack -c=4 ./atob.go ./atof.go ./atoi.go ./decimal.go ./doc.go ./extfloat.go ./ftoa.go ./isprint.go ./itoa.go ./quote.go
/usr/local/go/pkg/tool/linux_amd64/buildid -w $WORK/b024/_pkg_.a # internal
cp $WORK/b024/_pkg_.a /home/aescaler/.cache/go-build/6d/6d745cba7f9fa091eeee6e1e043a501a800879cd517169fd9a5f1ef4b3f6eb84-d # internal
syscall
mkdir -p $WORK/b023/
cat >$WORK/b023/go_asm.h << 'EOF' # internal
EOF
cd /usr/local/go/src/syscall
/usr/local/go/pkg/tool/linux_amd64/asm -trimpath "$WORK/b023=>;/usr/local/go/src/syscall=>syscall" -I $WORK/b023/ -I /usr/local/go/pkg/include -D GOOS_linux -D GOARCH_amd64 -gensymabis -o $WORK/b023/symabis ./asm_linux_amd64.s
/usr/local/go/pkg/tool/linux_amd64/buildid -w $WORK/b035/_pkg_.a # internal
cp $WORK/b035/_pkg_.a /home/aescaler/.cache/go-build/7b/7bebc0b3b853f199b89a610ec848e5052f2cee45171c470c56ca9c06b6483219-d # internal
cat >$WORK/b023/importcfg << 'EOF' # internal
# import config
packagefile internal/bytealg=$WORK/b009/_pkg_.a
packagefile internal/oserror=$WORK/b024/_pkg_.a
packagefile internal/race=$WORK/b017/_pkg_.a
packagefile runtime=$WORK/b008/_pkg_.a
packagefile sync=$WORK/b016/_pkg_.a
EOF
/usr/local/go/pkg/tool/linux_amd64/compile -o $WORK/b023/_pkg_.a -trimpath "$WORK/b023=>;/usr/local/go/src/syscall=>syscall" -p syscall -std -buildid W6TaEbZ3l0B6oYvPZcTa/W6TaEbZ3l0B6oYvPZcTa -goversion go1.14 -symabis $WORK/b023/symabis -D "" -importcfg $WORK/b023/importcfg -pack -asmhdr $WORK/b023/go_asm.h -c=4 ./dirent.go ./endian_little.go ./env_unix.go ./exec_linux.go ./exec_unix.go ./flock.go ./lsf_linux.go ./msan0.go ./net.go ./netlink_linux.go ./setuidgid_linux.go ./sock_cloexec_linux.go ./sockcmsg_linux.go ./sockcmsg_unix.go ./sockcmsg_unix_other.go ./str.go ./syscall.go ./syscall_linux.go ./syscall_linux_amd64.go ./syscall_unix.go ./time_nofake.go ./timestruct.go ./zerrors_linux_amd64.go ./zsyscall_linux_amd64.go ./zsysnum_linux_amd64.go ./ztypes_linux_amd64.go
/usr/local/go/pkg/tool/linux_amd64/buildid -w $WORK/b015/_pkg_.a # internal
cp $WORK/b015/_pkg_.a /home/aescaler/.cache/go-build/72/7213a8ab80c79f92d84d94bd86a4e3b19de068fba6741c09d5717d6c46fa4061-d # internal
bytes
mkdir -p $WORK/b005/
cat >$WORK/b005/importcfg << 'EOF' # internal
# import config
packagefile errors=$WORK/b006/_pkg_.a
packagefile internal/bytealg=$WORK/b009/_pkg_.a
packagefile io=$WORK/b015/_pkg_.a
packagefile unicode=$WORK/b019/_pkg_.a
packagefile unicode/utf8=$WORK/b020/_pkg_.a
EOF
cd /usr/local/go/src/bytes
/usr/local/go/pkg/tool/linux_amd64/compile -o $WORK/b005/_pkg_.a -trimpath "$WORK/b005=>;/usr/local/go/src/bytes=>bytes" -p bytes -std -buildid 49pkNjTyry57UBSvyHZ2/49pkNjTyry57UBSvyHZ2 -goversion go1.14 -D "" -importcfg $WORK/b005/importcfg -pack -c=4 ./buffer.go ./bytes.go ./reader.go
strings
mkdir -p $WORK/b040/
cat >$WORK/b040/importcfg << 'EOF' # internal
# import config
packagefile errors=$WORK/b006/_pkg_.a
packagefile internal/bytealg=$WORK/b009/_pkg_.a
packagefile io=$WORK/b015/_pkg_.a
packagefile sync=$WORK/b016/_pkg_.a
packagefile unicode=$WORK/b019/_pkg_.a
packagefile unicode/utf8=$WORK/b020/_pkg_.a
EOF
cd /usr/local/go/src/strings
/usr/local/go/pkg/tool/linux_amd64/compile -o $WORK/b040/_pkg_.a -trimpath "$WORK/b040=>;/usr/local/go/src/strings=>strings" -p strings -std -complete -buildid f6auVTm9Kb6r9PVhajbS/f6auVTm9Kb6r9PVhajbS -goversion go1.14 -D "" -importcfg $WORK/b040/importcfg -pack -c=4 ./builder.go ./compare.go ./reader.go ./replace.go ./search.go ./strings.go
text/tabwriter
mkdir -p $WORK/b051/
cat >$WORK/b051/importcfg << 'EOF' # internal
# import config
packagefile io=$WORK/b015/_pkg_.a
packagefile unicode/utf8=$WORK/b020/_pkg_.a
EOF
cd /usr/local/go/src/text/tabwriter
/usr/local/go/pkg/tool/linux_amd64/compile -o $WORK/b051/_pkg_.a -trimpath "$WORK/b051=>;/usr/local/go/src/text/tabwriter=>text/tabwriter" -p text/tabwriter -std -complete -buildid -ASD0mjWUdqoKbeWGOq1/-ASD0mjWUdqoKbeWGOq1 -goversion go1.14 -D "" -importcfg $WORK/b051/importcfg -pack -c=4 ./tabwriter.go
/usr/local/go/pkg/tool/linux_amd64/buildid -w $WORK/b032/_pkg_.a # internal
cp $WORK/b032/_pkg_.a /home/aescaler/.cache/go-build/54/54e18c33de3fdbf0436ecc4a26acfff3803ee7fc6a3f563eb88f2c0a3950596b-d # internal
reflect
mkdir -p $WORK/b031/
cat >$WORK/b031/go_asm.h << 'EOF' # internal
EOF
cd /usr/local/go/src/reflect
/usr/local/go/pkg/tool/linux_amd64/asm -trimpath "$WORK/b031=>;/usr/local/go/src/reflect=>reflect" -I $WORK/b031/ -I /usr/local/go/pkg/include -D GOOS_linux -D GOARCH_amd64 -gensymabis -o $WORK/b031/symabis ./asm_amd64.s
/usr/local/go/pkg/tool/linux_amd64/buildid -w $WORK/b051/_pkg_.a # internal
cp $WORK/b051/_pkg_.a /home/aescaler/.cache/go-build/8f/8f21b4e87df4ef117af867066598d662ddd5ecab20711678eec194ae9365b5bf-d # internal
cat >$WORK/b031/importcfg << 'EOF' # internal
# import config
packagefile math=$WORK/b029/_pkg_.a
packagefile runtime=$WORK/b008/_pkg_.a
packagefile strconv=$WORK/b032/_pkg_.a
packagefile sync=$WORK/b016/_pkg_.a
packagefile unicode=$WORK/b019/_pkg_.a
packagefile unicode/utf8=$WORK/b020/_pkg_.a
EOF
/usr/local/go/pkg/tool/linux_amd64/compile -o $WORK/b031/_pkg_.a -trimpath "$WORK/b031=>;/usr/local/go/src/reflect=>reflect" -p reflect -std -buildid xLN8DEYxYDiKXE7bqHgd/xLN8DEYxYDiKXE7bqHgd -goversion go1.14 -symabis $WORK/b031/symabis -D "" -importcfg $WORK/b031/importcfg -pack -asmhdr $WORK/b031/go_asm.h -c=4 ./deepequal.go ./makefunc.go ./swapper.go ./type.go ./value.go
/usr/local/go/pkg/tool/linux_amd64/buildid -w $WORK/b005/_pkg_.a # internal
cp $WORK/b005/_pkg_.a /home/aescaler/.cache/go-build/2f/2fde98c623e79538e0d4b1b8d7882359fb538f692298a4a9fc6e8f6ccbede099-d # internal
/usr/local/go/pkg/tool/linux_amd64/buildid -w $WORK/b040/_pkg_.a # internal
cp $WORK/b040/_pkg_.a /home/aescaler/.cache/go-build/38/38cbaa623803b08ea678077c79086748875b00aed0c223cbbcbd528935cd0786-d # internal
regexp/syntax
mkdir -p $WORK/b048/
html
mkdir -p $WORK/b046/
cat >$WORK/b048/importcfg << 'EOF' # internal
# import config
packagefile sort=$WORK/b035/_pkg_.a
packagefile strconv=$WORK/b032/_pkg_.a
packagefile strings=$WORK/b040/_pkg_.a
packagefile unicode=$WORK/b019/_pkg_.a
packagefile unicode/utf8=$WORK/b020/_pkg_.a
EOF
cd /usr/local/go/src/regexp/syntax
/usr/local/go/pkg/tool/linux_amd64/compile -o $WORK/b048/_pkg_.a -trimpath "$WORK/b048=>;/usr/local/go/src/regexp/syntax=>regexp/syntax" -p regexp/syntax -std -complete -buildid RMh4VDVxZIRoiVh_3wUN/RMh4VDVxZIRoiVh_3wUN -goversion go1.14 -D "" -importcfg $WORK/b048/importcfg -pack -c=4 ./compile.go ./doc.go ./op_string.go ./parse.go ./perl_groups.go ./prog.go ./regexp.go ./simplify.go
cat >$WORK/b046/importcfg << 'EOF' # internal
# import config
packagefile strings=$WORK/b040/_pkg_.a
packagefile sync=$WORK/b016/_pkg_.a
packagefile unicode/utf8=$WORK/b020/_pkg_.a
EOF
cd /usr/local/go/src/html
/usr/local/go/pkg/tool/linux_amd64/compile -o $WORK/b046/_pkg_.a -trimpath "$WORK/b046=>;/usr/local/go/src/html=>html" -p html -std -complete -buildid IUXXStxjIcggRkNmnvbC/IUXXStxjIcggRkNmnvbC -goversion go1.14 -D "" -importcfg $WORK/b046/importcfg -pack -c=4 ./entity.go ./escape.go
/usr/local/go/pkg/tool/linux_amd64/buildid -w $WORK/b046/_pkg_.a # internal
cp $WORK/b046/_pkg_.a /home/aescaler/.cache/go-build/6a/6a26328f5363a65ae42abeb6bf4b3e0ff6d61ddfe0fa75144c60f2bf81c613aa-d # internal
cd /usr/local/go/src/syscall
/usr/local/go/pkg/tool/linux_amd64/asm -trimpath "$WORK/b023=>;/usr/local/go/src/syscall=>syscall" -I $WORK/b023/ -I /usr/local/go/pkg/include -D GOOS_linux -D GOARCH_amd64 -o $WORK/b023/asm_linux_amd64.o ./asm_linux_amd64.s
/usr/local/go/pkg/tool/linux_amd64/pack r $WORK/b023/_pkg_.a $WORK/b023/asm_linux_amd64.o # internal
/usr/local/go/pkg/tool/linux_amd64/buildid -w $WORK/b023/_pkg_.a # internal
cp $WORK/b023/_pkg_.a /home/aescaler/.cache/go-build/e8/e81daae5b7b4eca0f4efb4d6eba1b4830a3f3728f5bbc92ad7a1f52e87d145b1-d # internal
internal/syscall/unix
mkdir -p $WORK/b038/
cat >$WORK/b038/importcfg << 'EOF' # internal
# import config
packagefile sync/atomic=$WORK/b018/_pkg_.a
packagefile syscall=$WORK/b023/_pkg_.a
EOF
cd /usr/local/go/src/internal/syscall/unix
/usr/local/go/pkg/tool/linux_amd64/compile -o $WORK/b038/_pkg_.a -trimpath "$WORK/b038=>;/usr/local/go/src/internal/syscall/unix=>internal/syscall/unix" -p internal/syscall/unix -std -complete -buildid binNPAt0BN0C4c_GHVar/binNPAt0BN0C4c_GHVar -goversion go1.14 -D "" -importcfg $WORK/b038/importcfg -pack -c=4 ./at.go ./at_sysnum_linux.go ./at_sysnum_newfstatat_linux.go ./getrandom_linux.go ./getrandom_linux_amd64.go ./nonblocking.go
time
mkdir -p $WORK/b022/
cat >$WORK/b022/importcfg << 'EOF' # internal
# import config
packagefile errors=$WORK/b006/_pkg_.a
packagefile runtime=$WORK/b008/_pkg_.a
packagefile sync=$WORK/b016/_pkg_.a
packagefile syscall=$WORK/b023/_pkg_.a
EOF
cd /usr/local/go/src/time
/usr/local/go/pkg/tool/linux_amd64/compile -o $WORK/b022/_pkg_.a -trimpath "$WORK/b022=>;/usr/local/go/src/time=>time" -p time -std -buildid kbhY-VtgIW28RHK1Ln68/kbhY-VtgIW28RHK1Ln68 -goversion go1.14 -D "" -importcfg $WORK/b022/importcfg -pack -c=4 ./format.go ./sleep.go ./sys_unix.go ./tick.go ./time.go ./zoneinfo.go ./zoneinfo_read.go ./zoneinfo_unix.go
/usr/local/go/pkg/tool/linux_amd64/buildid -w $WORK/b038/_pkg_.a # internal
cp $WORK/b038/_pkg_.a /home/aescaler/.cache/go-build/21/21deec7cd14f4459603beb2d6e9f4f2bd941c5511fad649f5e7aa057dd2e3930-d # internal
/usr/local/go/pkg/tool/linux_amd64/buildid -w $WORK/b048/_pkg_.a # internal
cp $WORK/b048/_pkg_.a /home/aescaler/.cache/go-build/70/70906c0397b00135dd9b3a3a4be0ffba1da5d9a391a1805d8d94973f6f7557ac-d # internal
regexp
mkdir -p $WORK/b047/
cat >$WORK/b047/importcfg << 'EOF' # internal
# import config
packagefile bytes=$WORK/b005/_pkg_.a
packagefile io=$WORK/b015/_pkg_.a
packagefile regexp/syntax=$WORK/b048/_pkg_.a
packagefile sort=$WORK/b035/_pkg_.a
packagefile strconv=$WORK/b032/_pkg_.a
packagefile strings=$WORK/b040/_pkg_.a
packagefile sync=$WORK/b016/_pkg_.a
packagefile unicode=$WORK/b019/_pkg_.a
packagefile unicode/utf8=$WORK/b020/_pkg_.a
EOF
cd /usr/local/go/src/regexp
/usr/local/go/pkg/tool/linux_amd64/compile -o $WORK/b047/_pkg_.a -trimpath "$WORK/b047=>;/usr/local/go/src/regexp=>regexp" -p regexp -std -complete -buildid bsnzsxj5LIk85shTkTJ2/bsnzsxj5LIk85shTkTJ2 -goversion go1.14 -D "" -importcfg $WORK/b047/importcfg -pack -c=4 ./backtrack.go ./exec.go ./onepass.go ./regexp.go
/usr/local/go/pkg/tool/linux_amd64/buildid -w $WORK/b022/_pkg_.a # internal
cp $WORK/b022/_pkg_.a /home/aescaler/.cache/go-build/2e/2e520bc8aae1b6a61d6b37a09b1b05fd745d442a3d4d19f3d91196c30517f59b-d # internal
context
mkdir -p $WORK/b021/
cat >$WORK/b021/importcfg << 'EOF' # internal
# import config
packagefile errors=$WORK/b006/_pkg_.a
packagefile internal/reflectlite=$WORK/b007/_pkg_.a
packagefile sync=$WORK/b016/_pkg_.a
packagefile sync/atomic=$WORK/b018/_pkg_.a
packagefile time=$WORK/b022/_pkg_.a
EOF
cd /usr/local/go/src/context
/usr/local/go/pkg/tool/linux_amd64/compile -o $WORK/b021/_pkg_.a -trimpath "$WORK/b021=>;/usr/local/go/src/context=>context" -p context -std -complete -buildid 8-mwJJ4_GOykZGxdMdFH/8-mwJJ4_GOykZGxdMdFH -goversion go1.14 -D "" -importcfg $WORK/b021/importcfg -pack -c=4 ./context.go
internal/poll
mkdir -p $WORK/b037/
cat >$WORK/b037/importcfg << 'EOF' # internal
# import config
packagefile errors=$WORK/b006/_pkg_.a
packagefile internal/syscall/unix=$WORK/b038/_pkg_.a
packagefile io=$WORK/b015/_pkg_.a
packagefile runtime=$WORK/b008/_pkg_.a
packagefile sync=$WORK/b016/_pkg_.a
packagefile sync/atomic=$WORK/b018/_pkg_.a
packagefile syscall=$WORK/b023/_pkg_.a
packagefile time=$WORK/b022/_pkg_.a
EOF
cd /usr/local/go/src/internal/poll
/usr/local/go/pkg/tool/linux_amd64/compile -o $WORK/b037/_pkg_.a -trimpath "$WORK/b037=>;/usr/local/go/src/internal/poll=>internal/poll" -p internal/poll -std -buildid ua8QDMSXFqYydxbhDj5G/ua8QDMSXFqYydxbhDj5G -goversion go1.14 -D "" -importcfg $WORK/b037/importcfg -pack -c=4 ./errno_unix.go ./fcntl_syscall.go ./fd.go ./fd_fsync_posix.go ./fd_mutex.go ./fd_poll_runtime.go ./fd_posix.go ./fd_unix.go ./fd_writev_unix.go ./hook_cloexec.go ./hook_unix.go ./sendfile_linux.go ./sock_cloexec.go ./sockopt.go ./sockopt_linux.go ./sockopt_unix.go ./sockoptip.go ./splice_linux.go ./writev.go
/usr/local/go/pkg/tool/linux_amd64/buildid -w $WORK/b047/_pkg_.a # internal
cp $WORK/b047/_pkg_.a /home/aescaler/.cache/go-build/a9/a95aa3d663a880bc796f2acf044cc3dc88d36f7ad9c26325175906ab849e76f2-d # internal
/usr/local/go/pkg/tool/linux_amd64/buildid -w $WORK/b021/_pkg_.a # internal
cp $WORK/b021/_pkg_.a /home/aescaler/.cache/go-build/06/06439d074b75d08e3a19692704940a132b2e23746194454f917ac71dbc36d26a-d # internal
/usr/local/go/pkg/tool/linux_amd64/buildid -w $WORK/b037/_pkg_.a # internal
cp $WORK/b037/_pkg_.a /home/aescaler/.cache/go-build/fc/fc25272807a9cff7dcc84776658bd61eb5854b357ea13a9e44ef3cbf394875b4-d # internal
os
mkdir -p $WORK/b036/
cat >$WORK/b036/importcfg << 'EOF' # internal
# import config
packagefile errors=$WORK/b006/_pkg_.a
packagefile internal/oserror=$WORK/b024/_pkg_.a
packagefile internal/poll=$WORK/b037/_pkg_.a
packagefile internal/syscall/unix=$WORK/b038/_pkg_.a
packagefile internal/testlog=$WORK/b039/_pkg_.a
packagefile io=$WORK/b015/_pkg_.a
packagefile runtime=$WORK/b008/_pkg_.a
packagefile sync=$WORK/b016/_pkg_.a
packagefile sync/atomic=$WORK/b018/_pkg_.a
packagefile syscall=$WORK/b023/_pkg_.a
packagefile time=$WORK/b022/_pkg_.a
EOF
cd /usr/local/go/src/os
/usr/local/go/pkg/tool/linux_amd64/compile -o $WORK/b036/_pkg_.a -trimpath "$WORK/b036=>;/usr/local/go/src/os=>os" -p os -std -buildid Nt8d-R6bt4b9_RitKoE8/Nt8d-R6bt4b9_RitKoE8 -goversion go1.14 -D "" -importcfg $WORK/b036/importcfg -pack -c=4 ./dir.go ./dir_unix.go ./env.go ./env_default.go ./error.go ./error_errno.go ./error_posix.go ./exec.go ./exec_posix.go ./exec_unix.go ./executable.go ./executable_procfs.go ./file.go ./file_posix.go ./file_unix.go ./getwd.go ./path.go ./path_unix.go ./pipe_linux.go ./proc.go ./rawconn.go ./removeall_at.go ./stat.go ./stat_linux.go ./stat_unix.go ./sticky_notbsd.go ./str.go ./sys.go ./sys_linux.go ./sys_unix.go ./types.go ./types_unix.go ./wait_waitid.go
cd /usr/local/go/src/reflect
/usr/local/go/pkg/tool/linux_amd64/asm -trimpath "$WORK/b031=>;/usr/local/go/src/reflect=>reflect" -I $WORK/b031/ -I /usr/local/go/pkg/include -D GOOS_linux -D GOARCH_amd64 -o $WORK/b031/asm_amd64.o ./asm_amd64.s
/usr/local/go/pkg/tool/linux_amd64/pack r $WORK/b031/_pkg_.a $WORK/b031/asm_amd64.o # internal
/usr/local/go/pkg/tool/linux_amd64/buildid -w $WORK/b031/_pkg_.a # internal
cp $WORK/b031/_pkg_.a /home/aescaler/.cache/go-build/94/9431b549976c8096629018ca076fe973c476d6c229166344a153fcae53641412-d # internal
internal/fmtsort
mkdir -p $WORK/b034/
encoding/binary
mkdir -p $WORK/b028/
cat >$WORK/b034/importcfg << 'EOF' # internal
# import config
packagefile reflect=$WORK/b031/_pkg_.a
packagefile sort=$WORK/b035/_pkg_.a
EOF
cat >$WORK/b028/importcfg << 'EOF' # internal
# import config
packagefile errors=$WORK/b006/_pkg_.a
packagefile io=$WORK/b015/_pkg_.a
packagefile math=$WORK/b029/_pkg_.a
packagefile reflect=$WORK/b031/_pkg_.a
packagefile sync=$WORK/b016/_pkg_.a
EOF
cd /usr/local/go/src/internal/fmtsort
/usr/local/go/pkg/tool/linux_amd64/compile -o $WORK/b034/_pkg_.a -trimpath "$WORK/b034=>;/usr/local/go/src/internal/fmtsort=>internal/fmtsort" -p internal/fmtsort -std -complete -buildid w-ZTVNHAMmLQEGLx8dnQ/w-ZTVNHAMmLQEGLx8dnQ -goversion go1.14 -D "" -importcfg $WORK/b034/importcfg -pack -c=4 ./sort.go
cd /usr/local/go/src/encoding/binary
/usr/local/go/pkg/tool/linux_amd64/compile -o $WORK/b028/_pkg_.a -trimpath "$WORK/b028=>;/usr/local/go/src/encoding/binary=>encoding/binary" -p encoding/binary -std -complete -buildid 6CVTPE0ZTy1cbhaIY0Gi/6CVTPE0ZTy1cbhaIY0Gi -goversion go1.14 -D "" -importcfg $WORK/b028/importcfg -pack -c=4 ./binary.go ./varint.go
/usr/local/go/pkg/tool/linux_amd64/buildid -w $WORK/b034/_pkg_.a # internal
cp $WORK/b034/_pkg_.a /home/aescaler/.cache/go-build/b5/b5a3499512e85cd1b0799fb9462ffbb08b922206f1e5ce7992e9d6539415b08d-d # internal
/usr/local/go/pkg/tool/linux_amd64/buildid -w $WORK/b028/_pkg_.a # internal
cp $WORK/b028/_pkg_.a /home/aescaler/.cache/go-build/39/39ba586083f68b7d5f9dd8766be03d86b972049aa10ae09907c6114f1bfb2d9f-d # internal
encoding/base64
mkdir -p $WORK/b027/
cat >$WORK/b027/importcfg << 'EOF' # internal
# import config
packagefile encoding/binary=$WORK/b028/_pkg_.a
packagefile io=$WORK/b015/_pkg_.a
packagefile strconv=$WORK/b032/_pkg_.a
EOF
cd /usr/local/go/src/encoding/base64
/usr/local/go/pkg/tool/linux_amd64/compile -o $WORK/b027/_pkg_.a -trimpath "$WORK/b027=>;/usr/local/go/src/encoding/base64=>encoding/base64" -p encoding/base64 -std -complete -buildid 1BLsWOnpuIIIbPTpcKc0/1BLsWOnpuIIIbPTpcKc0 -goversion go1.14 -D "" -importcfg $WORK/b027/importcfg -pack -c=4 ./base64.go
/usr/local/go/pkg/tool/linux_amd64/buildid -w $WORK/b036/_pkg_.a # internal
cp $WORK/b036/_pkg_.a /home/aescaler/.cache/go-build/c9/c9a347912480cb1a2c3b6ea2c331caf48f7cf34d9cee67c4c0f29aae7ee8c26d-d # internal
path/filepath
mkdir -p $WORK/b050/
fmt
mkdir -p $WORK/b033/
cat >$WORK/b050/importcfg << 'EOF' # internal
# import config
packagefile errors=$WORK/b006/_pkg_.a
packagefile os=$WORK/b036/_pkg_.a
packagefile runtime=$WORK/b008/_pkg_.a
packagefile sort=$WORK/b035/_pkg_.a
packagefile strings=$WORK/b040/_pkg_.a
packagefile syscall=$WORK/b023/_pkg_.a
packagefile unicode/utf8=$WORK/b020/_pkg_.a
EOF
cat >$WORK/b033/importcfg << 'EOF' # internal
# import config
packagefile errors=$WORK/b006/_pkg_.a
packagefile internal/fmtsort=$WORK/b034/_pkg_.a
packagefile io=$WORK/b015/_pkg_.a
packagefile math=$WORK/b029/_pkg_.a
packagefile os=$WORK/b036/_pkg_.a
packagefile reflect=$WORK/b031/_pkg_.a
packagefile strconv=$WORK/b032/_pkg_.a
packagefile sync=$WORK/b016/_pkg_.a
packagefile unicode/utf8=$WORK/b020/_pkg_.a
EOF
cd /usr/local/go/src/path/filepath
/usr/local/go/pkg/tool/linux_amd64/compile -o $WORK/b050/_pkg_.a -trimpath "$WORK/b050=>;/usr/local/go/src/path/filepath=>path/filepath" -p path/filepath -std -complete -buildid 0CMDhwHZ-s4mx9xope2i/0CMDhwHZ-s4mx9xope2i -goversion go1.14 -D "" -importcfg $WORK/b050/importcfg -pack -c=4 ./match.go ./path.go ./path_unix.go ./symlink.go ./symlink_unix.go
cd /usr/local/go/src/fmt
/usr/local/go/pkg/tool/linux_amd64/compile -o $WORK/b033/_pkg_.a -trimpath "$WORK/b033=>;/usr/local/go/src/fmt=>fmt" -p fmt -std -complete -buildid FTNAQ0iu_pmlDmlR7tMy/FTNAQ0iu_pmlDmlR7tMy -goversion go1.14 -D "" -importcfg $WORK/b033/importcfg -pack -c=4 ./doc.go ./errors.go ./format.go ./print.go ./scan.go
/usr/local/go/pkg/tool/linux_amd64/buildid -w $WORK/b027/_pkg_.a # internal
cp $WORK/b027/_pkg_.a /home/aescaler/.cache/go-build/30/30924b61ee41d6697197d931afa509da0ad8f37a1150727e69bfca7cc34bd8bb-d # internal
/usr/local/go/pkg/tool/linux_amd64/buildid -w $WORK/b050/_pkg_.a # internal
cp $WORK/b050/_pkg_.a /home/aescaler/.cache/go-build/27/27170b37d436b4e0622f7e3871450f110467e512fc8440a444302c5204f18b37-d # internal
io/ioutil
mkdir -p $WORK/b049/
cat >$WORK/b049/importcfg << 'EOF' # internal
# import config
packagefile bytes=$WORK/b005/_pkg_.a
packagefile io=$WORK/b015/_pkg_.a
packagefile os=$WORK/b036/_pkg_.a
packagefile path/filepath=$WORK/b050/_pkg_.a
packagefile sort=$WORK/b035/_pkg_.a
packagefile strconv=$WORK/b032/_pkg_.a
packagefile strings=$WORK/b040/_pkg_.a
packagefile sync=$WORK/b016/_pkg_.a
packagefile time=$WORK/b022/_pkg_.a
EOF
cd /usr/local/go/src/io/ioutil
/usr/local/go/pkg/tool/linux_amd64/compile -o $WORK/b049/_pkg_.a -trimpath "$WORK/b049=>;/usr/local/go/src/io/ioutil=>io/ioutil" -p io/ioutil -std -complete -buildid Ju1MXehQ_nK9yniQazOk/Ju1MXehQ_nK9yniQazOk -goversion go1.14 -D "" -importcfg $WORK/b049/importcfg -pack -c=4 ./ioutil.go ./tempfile.go
/usr/local/go/pkg/tool/linux_amd64/buildid -w $WORK/b049/_pkg_.a # internal
cp $WORK/b049/_pkg_.a /home/aescaler/.cache/go-build/da/da251f0661294d41ef677c5233e5085654620ec7c877cfea7dc37a6274e75d5e-d # internal
/usr/local/go/pkg/tool/linux_amd64/buildid -w $WORK/b033/_pkg_.a # internal
cp $WORK/b033/_pkg_.a /home/aescaler/.cache/go-build/33/33a31924660ac2bd132178e05fceabbf11efbd10057be82ba2a0a9c9e9f548e8-d # internal
flag
mkdir -p $WORK/b042/
log
net/url
mkdir -p $WORK/b053/
cat >$WORK/b042/importcfg << 'EOF' # internal
# import config
packagefile errors=$WORK/b006/_pkg_.a
packagefile fmt=$WORK/b033/_pkg_.a
packagefile io=$WORK/b015/_pkg_.a
packagefile os=$WORK/b036/_pkg_.a
packagefile reflect=$WORK/b031/_pkg_.a
packagefile sort=$WORK/b035/_pkg_.a
packagefile strconv=$WORK/b032/_pkg_.a
packagefile strings=$WORK/b040/_pkg_.a
packagefile time=$WORK/b022/_pkg_.a
EOF
cd /usr/local/go/src/flag
/usr/local/go/pkg/tool/linux_amd64/compile -o $WORK/b042/_pkg_.a -trimpath "$WORK/b042=>;/usr/local/go/src/flag=>flag" -p flag -std -complete -buildid 34cRu-RW5le5pHb2nLLL/34cRu-RW5le5pHb2nLLL -goversion go1.14 -D "" -importcfg $WORK/b042/importcfg -pack -c=4 ./flag.go
cat >$WORK/b053/importcfg << 'EOF' # internal
# import config
packagefile errors=$WORK/b006/_pkg_.a
packagefile fmt=$WORK/b033/_pkg_.a
packagefile sort=$WORK/b035/_pkg_.a
packagefile strconv=$WORK/b032/_pkg_.a
packagefile strings=$WORK/b040/_pkg_.a
EOF
mkdir -p $WORK/b062/
text/template/parse
cd /usr/local/go/src/net/url
/usr/local/go/pkg/tool/linux_amd64/compile -o $WORK/b053/_pkg_.a -trimpath "$WORK/b053=>;/usr/local/go/src/net/url=>net/url" -p net/url -std -complete -buildid Wl68ekfwwP3izxnA7aNx/Wl68ekfwwP3izxnA7aNx -goversion go1.14 -D "" -importcfg $WORK/b053/importcfg -pack -c=4 ./url.go
mkdir -p $WORK/b054/
cat >$WORK/b062/importcfg << 'EOF' # internal
# import config
packagefile fmt=$WORK/b033/_pkg_.a
packagefile io=$WORK/b015/_pkg_.a
packagefile os=$WORK/b036/_pkg_.a
packagefile runtime=$WORK/b008/_pkg_.a
packagefile sync=$WORK/b016/_pkg_.a
packagefile time=$WORK/b022/_pkg_.a
EOF
encoding/json
mkdir -p $WORK/b025/
github.com/russross/blackfriday/v2
cd /usr/local/go/src/log
/usr/local/go/pkg/tool/linux_amd64/compile -o $WORK/b062/_pkg_.a -trimpath "$WORK/b062=>;/usr/local/go/src/log=>log" -p log -std -complete -buildid 3JMqlW99jv6lilFcc99y/3JMqlW99jv6lilFcc99y -goversion go1.14 -D "" -importcfg $WORK/b062/importcfg -pack -c=4 ./log.go
cat >$WORK/b054/importcfg << 'EOF' # internal
# import config
packagefile bytes=$WORK/b005/_pkg_.a
packagefile fmt=$WORK/b033/_pkg_.a
packagefile runtime=$WORK/b008/_pkg_.a
packagefile strconv=$WORK/b032/_pkg_.a
packagefile strings=$WORK/b040/_pkg_.a
packagefile unicode=$WORK/b019/_pkg_.a
packagefile unicode/utf8=$WORK/b020/_pkg_.a
EOF
mkdir -p $WORK/b044/
cat >$WORK/b025/importcfg << 'EOF' # internal
# import config
packagefile bytes=$WORK/b005/_pkg_.a
packagefile encoding=$WORK/b026/_pkg_.a
packagefile encoding/base64=$WORK/b027/_pkg_.a
packagefile errors=$WORK/b006/_pkg_.a
packagefile fmt=$WORK/b033/_pkg_.a
packagefile io=$WORK/b015/_pkg_.a
packagefile math=$WORK/b029/_pkg_.a
packagefile reflect=$WORK/b031/_pkg_.a
packagefile sort=$WORK/b035/_pkg_.a
packagefile strconv=$WORK/b032/_pkg_.a
packagefile strings=$WORK/b040/_pkg_.a
packagefile sync=$WORK/b016/_pkg_.a
packagefile unicode=$WORK/b019/_pkg_.a
packagefile unicode/utf16=$WORK/b041/_pkg_.a
packagefile unicode/utf8=$WORK/b020/_pkg_.a
EOF
cd /usr/local/go/src/text/template/parse
/usr/local/go/pkg/tool/linux_amd64/compile -o $WORK/b054/_pkg_.a -trimpath "$WORK/b054=>;/usr/local/go/src/text/template/parse=>text/template/parse" -p text/template/parse -std -complete -buildid 3RsPFQRtSBXc9574JOEC/3RsPFQRtSBXc9574JOEC -goversion go1.14 -D "" -importcfg $WORK/b054/importcfg -pack -c=4 ./lex.go ./node.go ./parse.go
cd /usr/local/go/src/encoding/json
/usr/local/go/pkg/tool/linux_amd64/compile -o $WORK/b025/_pkg_.a -trimpath "$WORK/b025=>;/usr/local/go/src/encoding/json=>encoding/json" -p encoding/json -std -complete -buildid eWOzy4CefThCkuqo2wcE/eWOzy4CefThCkuqo2wcE -goversion go1.14 -D "" -importcfg $WORK/b025/importcfg -pack -c=4 ./decode.go ./encode.go ./fold.go ./indent.go ./scanner.go ./stream.go ./tables.go ./tags.go
cat >$WORK/b044/importcfg << 'EOF' # internal
# import config
packagefile bytes=$WORK/b005/_pkg_.a
packagefile fmt=$WORK/b033/_pkg_.a
packagefile github.com/shurcooL/sanitized_anchor_name=$WORK/b045/_pkg_.a
packagefile html=$WORK/b046/_pkg_.a
packagefile io=$WORK/b015/_pkg_.a
packagefile regexp=$WORK/b047/_pkg_.a
packagefile strconv=$WORK/b032/_pkg_.a
packagefile strings=$WORK/b040/_pkg_.a
packagefile unicode/utf8=$WORK/b020/_pkg_.a
EOF
cd /home/aescaler/code/xnotify/vendor/github.com/russross/blackfriday/v2
/usr/local/go/pkg/tool/linux_amd64/compile -o $WORK/b044/_pkg_.a -trimpath "$WORK/b044=>;/home/aescaler/code/xnotify/vendor/github.com/russross/blackfriday/v2=>github.com/russross/blackfriday/v2@v2.0.1" -p github.com/russross/blackfriday/v2 -complete -buildid WmC62WdBE-_IDeq9ey59/WmC62WdBE-_IDeq9ey59 -goversion go1.14 -D "" -importcfg $WORK/b044/importcfg -pack -c=4 ./block.go ./doc.go ./esc.go ./html.go ./inline.go ./markdown.go ./node.go ./smartypants.go
/usr/local/go/pkg/tool/linux_amd64/buildid -w $WORK/b062/_pkg_.a # internal
cp $WORK/b062/_pkg_.a /home/aescaler/.cache/go-build/3a/3aa9c61529bceda57703a0db48e587cee66c5c06b9efd926d4a0c5fa1c4bcfb2-d # internal
/usr/local/go/pkg/tool/linux_amd64/buildid -w $WORK/b053/_pkg_.a # internal
cp $WORK/b053/_pkg_.a /home/aescaler/.cache/go-build/55/557772b98d7e7a0f96abdff8c5a632568392a5f9c0f5f9635811de8853f7bdd6-d # internal
/usr/local/go/pkg/tool/linux_amd64/buildid -w $WORK/b042/_pkg_.a # internal
cp $WORK/b042/_pkg_.a /home/aescaler/.cache/go-build/ea/ea28f638e26f9f0d28becd0a172548f1964cf9e9caca2a8210a484f8c0ac4357-d # internal
/usr/local/go/pkg/tool/linux_amd64/buildid -w $WORK/b054/_pkg_.a # internal
cp $WORK/b054/_pkg_.a /home/aescaler/.cache/go-build/74/74e2e5c2ed96d1f059a5922aabad90cd60167cda2f2ac4101d836927e0ce2870-d # internal
text/template
mkdir -p $WORK/b052/
cat >$WORK/b052/importcfg << 'EOF' # internal
# import config
packagefile bytes=$WORK/b005/_pkg_.a
packagefile errors=$WORK/b006/_pkg_.a
packagefile fmt=$WORK/b033/_pkg_.a
packagefile internal/fmtsort=$WORK/b034/_pkg_.a
packagefile io=$WORK/b015/_pkg_.a
packagefile io/ioutil=$WORK/b049/_pkg_.a
packagefile net/url=$WORK/b053/_pkg_.a
packagefile path/filepath=$WORK/b050/_pkg_.a
packagefile reflect=$WORK/b031/_pkg_.a
packagefile runtime=$WORK/b008/_pkg_.a
packagefile strings=$WORK/b040/_pkg_.a
packagefile sync=$WORK/b016/_pkg_.a
packagefile text/template/parse=$WORK/b054/_pkg_.a
packagefile unicode=$WORK/b019/_pkg_.a
packagefile unicode/utf8=$WORK/b020/_pkg_.a
EOF
cd /usr/local/go/src/text/template
/usr/local/go/pkg/tool/linux_amd64/compile -o $WORK/b052/_pkg_.a -trimpath "$WORK/b052=>;/usr/local/go/src/text/template=>text/template" -p text/template -std -complete -buildid BYAGfo20EV8Bmc359wI9/BYAGfo20EV8Bmc359wI9 -goversion go1.14 -D "" -importcfg $WORK/b052/importcfg -pack -c=4 ./doc.go ./exec.go ./funcs.go ./helper.go ./option.go ./template.go
/usr/local/go/pkg/tool/linux_amd64/buildid -w $WORK/b025/_pkg_.a # internal
cp $WORK/b025/_pkg_.a /home/aescaler/.cache/go-build/76/76181caba3c1ee5fe0e78fcca674ee1cb85c5ebb2fba25e42287bd6096c1cd90-d # internal
/usr/local/go/pkg/tool/linux_amd64/buildid -w $WORK/b044/_pkg_.a # internal
cp $WORK/b044/_pkg_.a /home/aescaler/.cache/go-build/aa/aa1f37f6d1bf83889ede74f08abba6c50d63e349b061ddaa940876ced9d1470c-d # internal
github.com/cpuguy83/go-md2man/v2/md2man
mkdir -p $WORK/b043/
cat >$WORK/b043/importcfg << 'EOF' # internal
# import config
packagefile fmt=$WORK/b033/_pkg_.a
packagefile github.com/russross/blackfriday/v2=$WORK/b044/_pkg_.a
packagefile io=$WORK/b015/_pkg_.a
packagefile os=$WORK/b036/_pkg_.a
packagefile strings=$WORK/b040/_pkg_.a
EOF
cd /home/aescaler/code/xnotify/vendor/github.com/cpuguy83/go-md2man/v2/md2man
/usr/local/go/pkg/tool/linux_amd64/compile -o $WORK/b043/_pkg_.a -trimpath "$WORK/b043=>;/home/aescaler/code/xnotify/vendor/github.com/cpuguy83/go-md2man/v2/md2man=>github.com/cpuguy83/go-md2man/v2@v2.0.0-20190314233015-f79a8a8ca69d/md2man" -p github.com/cpuguy83/go-md2man/v2/md2man -complete -buildid nv9Dj6uN7ilrV3akgj_p/nv9Dj6uN7ilrV3akgj_p -goversion go1.14 -D "" -importcfg $WORK/b043/importcfg -pack -c=4 ./md2man.go ./roff.go
/usr/local/go/pkg/tool/linux_amd64/buildid -w $WORK/b043/_pkg_.a # internal
cp $WORK/b043/_pkg_.a /home/aescaler/.cache/go-build/b9/b97307c40509c37cffb2d425fa350a69f355a9864adb1558606907b9743d7a19-d # internal
/usr/local/go/pkg/tool/linux_amd64/buildid -w $WORK/b052/_pkg_.a # internal
cp $WORK/b052/_pkg_.a /home/aescaler/.cache/go-build/52/5254a8101f41b36432e7da9076cb05f97b0d6bcaf8eb5d7ceeddd6a0fbb2f32c-d # internal
github.com/urfave/cli/v2
mkdir -p $WORK/b004/
cat >$WORK/b004/importcfg << 'EOF' # internal
# import config
packagefile bytes=$WORK/b005/_pkg_.a
packagefile context=$WORK/b021/_pkg_.a
packagefile encoding/json=$WORK/b025/_pkg_.a
packagefile errors=$WORK/b006/_pkg_.a
packagefile flag=$WORK/b042/_pkg_.a
packagefile fmt=$WORK/b033/_pkg_.a
packagefile github.com/cpuguy83/go-md2man/v2/md2man=$WORK/b043/_pkg_.a
packagefile io=$WORK/b015/_pkg_.a
packagefile io/ioutil=$WORK/b049/_pkg_.a
packagefile os=$WORK/b036/_pkg_.a
packagefile path/filepath=$WORK/b050/_pkg_.a
packagefile reflect=$WORK/b031/_pkg_.a
packagefile regexp=$WORK/b047/_pkg_.a
packagefile runtime=$WORK/b008/_pkg_.a
packagefile sort=$WORK/b035/_pkg_.a
packagefile strconv=$WORK/b032/_pkg_.a
packagefile strings=$WORK/b040/_pkg_.a
packagefile syscall=$WORK/b023/_pkg_.a
packagefile text/tabwriter=$WORK/b051/_pkg_.a
packagefile text/template=$WORK/b052/_pkg_.a
packagefile time=$WORK/b022/_pkg_.a
packagefile unicode=$WORK/b019/_pkg_.a
packagefile unicode/utf8=$WORK/b020/_pkg_.a
EOF
cd /home/aescaler/code/xnotify/vendor/github.com/urfave/cli/v2
/usr/local/go/pkg/tool/linux_amd64/compile -o $WORK/b004/_pkg_.a -trimpath "$WORK/b004=>;/home/aescaler/code/xnotify/vendor/github.com/urfave/cli/v2=>github.com/urfave/cli/v2@v2.2.0" -p github.com/urfave/cli/v2 -complete -buildid R2uoEEeZzvkhKxfjV1j4/R2uoEEeZzvkhKxfjV1j4 -goversion go1.14 -D "" -importcfg $WORK/b004/importcfg -pack -c=4 ./app.go ./args.go ./category.go ./cli.go ./command.go ./context.go ./docs.go ./errors.go ./fish.go ./flag.go ./flag_bool.go ./flag_duration.go ./flag_float64.go ./flag_float64_slice.go ./flag_generic.go ./flag_int.go ./flag_int64.go ./flag_int64_slice.go ./flag_int_slice.go ./flag_path.go ./flag_string.go ./flag_string_slice.go ./flag_timestamp.go ./flag_uint.go ./flag_uint64.go ./funcs.go ./help.go ./parse.go ./sort.go ./template.go
/usr/local/go/pkg/tool/linux_amd64/buildid -w $WORK/b004/_pkg_.a # internal
cp $WORK/b004/_pkg_.a /home/aescaler/.cache/go-build/85/85e9e4d105ea6b2520fde55e6367e21c78153ce8d107f0cd853eb69956d62f8e-d # internal
github.com/angelofdeauth/xnotify/pkg/app/aut
mkdir -p $WORK/b003/
github.com/angelofdeauth/xnotify/pkg/app/cmd
github.com/angelofdeauth/xnotify/pkg/app/opt
github.com/angelofdeauth/xnotify/pkg/setup
mkdir -p $WORK/b061/
cat >$WORK/b003/importcfg << 'EOF' # internal
# import config
packagefile github.com/urfave/cli/v2=$WORK/b004/_pkg_.a
EOF
cd /home/aescaler/code/xnotify/pkg/app/aut
/usr/local/go/pkg/tool/linux_amd64/compile -o $WORK/b003/_pkg_.a -trimpath "$WORK/b003=>;/home/aescaler/code/xnotify/pkg/app/aut=>github.com/angelofdeauth/xnotify/pkg/app/aut" -p github.com/angelofdeauth/xnotify/pkg/app/aut -lang=go1.14 -complete -buildid ibgX5Ek8DgYrSdp7EeF6/ibgX5Ek8DgYrSdp7EeF6 -goversion go1.14 -D "" -importcfg $WORK/b003/importcfg -pack -c=4 ./aut.go
mkdir -p $WORK/b055/
cat >$WORK/b061/importcfg << 'EOF' # internal
# import config
packagefile github.com/urfave/cli/v2=$WORK/b004/_pkg_.a
EOF
mkdir -p $WORK/b057/
cd /home/aescaler/code/xnotify/pkg/app/opt
/usr/local/go/pkg/tool/linux_amd64/compile -o $WORK/b061/_pkg_.a -trimpath "$WORK/b061=>;/home/aescaler/code/xnotify/pkg/app/opt=>github.com/angelofdeauth/xnotify/pkg/app/opt" -p github.com/angelofdeauth/xnotify/pkg/app/opt -lang=go1.14 -complete -buildid Qf7upvIobnEyTDZhKKTj/Qf7upvIobnEyTDZhKKTj -goversion go1.14 -D "" -importcfg $WORK/b061/importcfg -pack -c=4 ./opt.go
cat >$WORK/b055/importcfg << 'EOF' # internal
# import config
packagefile github.com/urfave/cli/v2=$WORK/b004/_pkg_.a
EOF
cd /home/aescaler/code/xnotify/pkg/app/cmd
/usr/local/go/pkg/tool/linux_amd64/compile -o $WORK/b055/_pkg_.a -trimpath "$WORK/b055=>;/home/aescaler/code/xnotify/pkg/app/cmd=>github.com/angelofdeauth/xnotify/pkg/app/cmd" -p github.com/angelofdeauth/xnotify/pkg/app/cmd -lang=go1.14 -complete -buildid nmETuU7j8LMtFc2soCUM/nmETuU7j8LMtFc2soCUM -goversion go1.14 -D "" -importcfg $WORK/b055/importcfg -pack -c=4 ./cmd.go
cat >$WORK/b057/importcfg << 'EOF' # internal
# import config
packagefile fmt=$WORK/b033/_pkg_.a
packagefile github.com/angelofdeauth/xnotify/pkg/read=$WORK/b058/_pkg_.a
packagefile github.com/urfave/cli/v2=$WORK/b004/_pkg_.a
packagefile os=$WORK/b036/_pkg_.a
EOF
cd /home/aescaler/code/xnotify/pkg/setup
/usr/local/go/pkg/tool/linux_amd64/compile -o $WORK/b057/_pkg_.a -trimpath "$WORK/b057=>;/home/aescaler/code/xnotify/pkg/setup=>github.com/angelofdeauth/xnotify/pkg/setup" -p github.com/angelofdeauth/xnotify/pkg/setup -lang=go1.14 -complete -buildid 2FZa8jaB15qpJSo5mdbv/2FZa8jaB15qpJSo5mdbv -goversion go1.14 -D "" -importcfg $WORK/b057/importcfg -pack -c=4 ./setup.go
/usr/local/go/pkg/tool/linux_amd64/buildid -w $WORK/b003/_pkg_.a # internal
cp $WORK/b003/_pkg_.a /home/aescaler/.cache/go-build/34/343cd05f9d5c93325ece7316e364d2a624c68270bf07a6cf582026deb0037403-d # internal
/usr/local/go/pkg/tool/linux_amd64/buildid -w $WORK/b061/_pkg_.a # internal
cp $WORK/b061/_pkg_.a /home/aescaler/.cache/go-build/45/4578895072aa6114a5fa72e29265f6bf4bc89d148025c469c67a9437af1bcf8f-d # internal
/usr/local/go/pkg/tool/linux_amd64/buildid -w $WORK/b055/_pkg_.a # internal
cp $WORK/b055/_pkg_.a /home/aescaler/.cache/go-build/2a/2ad09ae35234e978cd60cceede00f023e4b7b510541d47a26840fffdfa99fb84-d # internal
/usr/local/go/pkg/tool/linux_amd64/buildid -w $WORK/b057/_pkg_.a # internal
cp $WORK/b057/_pkg_.a /home/aescaler/.cache/go-build/9d/9d6638dfd4d627ffb81f51be428f5a17aa6bcbefd4a8dbbe7bf0699ba61ea95e-d # internal
github.com/angelofdeauth/xnotify/pkg/app/flg
mkdir -p $WORK/b056/
github.com/angelofdeauth/xnotify/pkg/app/inf
mkdir -p $WORK/b060/
cat >$WORK/b056/importcfg << 'EOF' # internal
# import config
packagefile fmt=$WORK/b033/_pkg_.a
packagefile github.com/angelofdeauth/xnotify/pkg/setup=$WORK/b057/_pkg_.a
packagefile github.com/urfave/cli/v2=$WORK/b004/_pkg_.a
EOF
cd /home/aescaler/code/xnotify/pkg/app/flg
/usr/local/go/pkg/tool/linux_amd64/compile -o $WORK/b056/_pkg_.a -trimpath "$WORK/b056=>;/home/aescaler/code/xnotify/pkg/app/flg=>github.com/angelofdeauth/xnotify/pkg/app/flg" -p github.com/angelofdeauth/xnotify/pkg/app/flg -lang=go1.14 -complete -buildid ZvmwiXiSsUabE1BcwxOM/ZvmwiXiSsUabE1BcwxOM -goversion go1.14 -D "" -importcfg $WORK/b056/importcfg -pack -c=4 ./flg.go
cat >$WORK/b060/importcfg << 'EOF' # internal
# import config
packagefile github.com/angelofdeauth/xnotify/pkg/setup=$WORK/b057/_pkg_.a
packagefile github.com/urfave/cli/v2=$WORK/b004/_pkg_.a
packagefile time=$WORK/b022/_pkg_.a
EOF
cd /home/aescaler/code/xnotify/pkg/app/inf
/usr/local/go/pkg/tool/linux_amd64/compile -o $WORK/b060/_pkg_.a -trimpath "$WORK/b060=>;/home/aescaler/code/xnotify/pkg/app/inf=>github.com/angelofdeauth/xnotify/pkg/app/inf" -p github.com/angelofdeauth/xnotify/pkg/app/inf -lang=go1.14 -complete -buildid ID2e0P_ew9X8UbBUPExu/ID2e0P_ew9X8UbBUPExu -goversion go1.14 -D "" -importcfg $WORK/b060/importcfg -pack -c=4 ./inf.go
/usr/local/go/pkg/tool/linux_amd64/buildid -w $WORK/b056/_pkg_.a # internal
/usr/local/go/pkg/tool/linux_amd64/buildid -w $WORK/b060/_pkg_.a # internal
cp $WORK/b056/_pkg_.a /home/aescaler/.cache/go-build/e1/e1c5804d0c9d1a9bc5891dc1c6804323291ae00a884b11c3711131f6b0275045-d # internal
cp $WORK/b060/_pkg_.a /home/aescaler/.cache/go-build/59/59c5e219cc47531305a6ce521d7e994d987f031241897cf847b59bcf9fe27715-d # internal
github.com/angelofdeauth/xnotify/pkg/app
mkdir -p $WORK/b002/
cat >$WORK/b002/importcfg << 'EOF' # internal
# import config
packagefile github.com/angelofdeauth/xnotify/pkg/app/aut=$WORK/b003/_pkg_.a
packagefile github.com/angelofdeauth/xnotify/pkg/app/cmd=$WORK/b055/_pkg_.a
packagefile github.com/angelofdeauth/xnotify/pkg/app/flg=$WORK/b056/_pkg_.a
packagefile github.com/angelofdeauth/xnotify/pkg/app/inf=$WORK/b060/_pkg_.a
packagefile github.com/angelofdeauth/xnotify/pkg/app/opt=$WORK/b061/_pkg_.a
packagefile github.com/angelofdeauth/xnotify/pkg/setup=$WORK/b057/_pkg_.a
packagefile github.com/urfave/cli/v2=$WORK/b004/_pkg_.a
EOF
cd /home/aescaler/code/xnotify/pkg/app
/usr/local/go/pkg/tool/linux_amd64/compile -o $WORK/b002/_pkg_.a -trimpath "$WORK/b002=>;/home/aescaler/code/xnotify/pkg/app=>github.com/angelofdeauth/xnotify/pkg/app" -p github.com/angelofdeauth/xnotify/pkg/app -lang=go1.14 -complete -buildid bcDZ1F1a46ZLvzRgxHx6/bcDZ1F1a46ZLvzRgxHx6 -goversion go1.14 -D "" -importcfg $WORK/b002/importcfg -pack -c=4 ./app.go
/usr/local/go/pkg/tool/linux_amd64/buildid -w $WORK/b002/_pkg_.a # internal
cp $WORK/b002/_pkg_.a /home/aescaler/.cache/go-build/92/92419d2f2c11afcc6d3e24fc0c4f1dc54579f2fb1a1a4dcd1c1d0a36a6cfb577-d # internal
github.com/angelofdeauth/xnotify
mkdir -p $WORK/b001/
cat >$WORK/b001/_gomod_.go << 'EOF' # internal
package main
import _ "unsafe"
//go:linkname __debug_modinfo__ runtime.modinfo
var __debug_modinfo__ = "0w\xaf\f\x92t\b\x02A\xe1\xc1\a\xe6\xd6\x18\xe6path\tgithub.com/angelofdeauth/xnotify\nmod\tgithub.com/angelofdeauth/xnotify\t(devel)\t\ndep\tgithub.com/cpuguy83/go-md2man/v2\tv2.0.0-20190314233015-f79a8a8ca69d\th1:U+s90UTSYgptZMwQh2aRr3LuazLJIa+Pg3Kc1ylSYVY=\ndep\tgithub.com/russross/blackfriday/v2\tv2.0.1\th1:lPqVAte+HuHNfhJ/0LC98ESWRz8afy9tM/0RK8m9o+Q=\ndep\tgithub.com/shurcooL/sanitized_anchor_name\tv1.0.0\th1:PdmoCO6wvbs+7yrJyMORt4/BmY5IYyJwS/kOiWx8mHo=\ndep\tgithub.com/urfave/cli/v2\tv2.2.0\th1:JTTnM6wKzdA0Jqodd966MVj4vWbbquZykeX1sKbe2C4=\n\xf92C1\x86\x18 r\x00\x82B\x10A\x16\xd8\xf2"
	EOF
cat >$WORK/b001/importcfg << 'EOF' # internal
# import config
packagefile github.com/angelofdeauth/xnotify/pkg/app=$WORK/b002/_pkg_.a
packagefile github.com/angelofdeauth/xnotify/pkg/setup=$WORK/b057/_pkg_.a
packagefile github.com/urfave/cli/v2=$WORK/b004/_pkg_.a
packagefile log=$WORK/b062/_pkg_.a
packagefile os=$WORK/b036/_pkg_.a
packagefile sort=$WORK/b035/_pkg_.a
packagefile runtime=$WORK/b008/_pkg_.a
EOF
cd /home/aescaler/code/xnotify
/usr/local/go/pkg/tool/linux_amd64/compile -o $WORK/b001/_pkg_.a -trimpath "$WORK/b001=>;/home/aescaler/code/xnotify=>github.com/angelofdeauth/xnotify" -p main -lang=go1.14 -complete -buildid L-HNnOKVfANttxXdS1Us/L-HNnOKVfANttxXdS1Us -goversion go1.14 -D "" -importcfg $WORK/b001/importcfg -pack -c=4 ./main.go $WORK/b001/_gomod_.go
/usr/local/go/pkg/tool/linux_amd64/buildid -w $WORK/b001/_pkg_.a # internal
cp $WORK/b001/_pkg_.a /home/aescaler/.cache/go-build/ae/aee93408085fd13c5b47e7028db3ae2d4f3474fe495f8c1f6baf19db13054b5b-d # internal
cat >$WORK/b001/importcfg.link << 'EOF' # internal
packagefile github.com/angelofdeauth/xnotify=$WORK/b001/_pkg_.a
packagefile github.com/angelofdeauth/xnotify/pkg/app=$WORK/b002/_pkg_.a
packagefile github.com/angelofdeauth/xnotify/pkg/setup=$WORK/b057/_pkg_.a
packagefile github.com/urfave/cli/v2=$WORK/b004/_pkg_.a
packagefile log=$WORK/b062/_pkg_.a
packagefile os=$WORK/b036/_pkg_.a
packagefile sort=$WORK/b035/_pkg_.a
packagefile runtime=$WORK/b008/_pkg_.a
packagefile github.com/angelofdeauth/xnotify/pkg/app/aut=$WORK/b003/_pkg_.a
packagefile github.com/angelofdeauth/xnotify/pkg/app/cmd=$WORK/b055/_pkg_.a
packagefile github.com/angelofdeauth/xnotify/pkg/app/flg=$WORK/b056/_pkg_.a
packagefile github.com/angelofdeauth/xnotify/pkg/app/inf=$WORK/b060/_pkg_.a
packagefile github.com/angelofdeauth/xnotify/pkg/app/opt=$WORK/b061/_pkg_.a
packagefile fmt=$WORK/b033/_pkg_.a
packagefile github.com/angelofdeauth/xnotify/pkg/read=$WORK/b058/_pkg_.a
packagefile bytes=$WORK/b005/_pkg_.a
packagefile context=$WORK/b021/_pkg_.a
packagefile encoding/json=$WORK/b025/_pkg_.a
packagefile errors=$WORK/b006/_pkg_.a
packagefile flag=$WORK/b042/_pkg_.a
packagefile github.com/cpuguy83/go-md2man/v2/md2man=$WORK/b043/_pkg_.a
packagefile io=$WORK/b015/_pkg_.a
packagefile io/ioutil=$WORK/b049/_pkg_.a
packagefile path/filepath=$WORK/b050/_pkg_.a
packagefile reflect=$WORK/b031/_pkg_.a
packagefile regexp=$WORK/b047/_pkg_.a
packagefile strconv=$WORK/b032/_pkg_.a
packagefile strings=$WORK/b040/_pkg_.a
packagefile syscall=$WORK/b023/_pkg_.a
packagefile text/tabwriter=$WORK/b051/_pkg_.a
packagefile text/template=$WORK/b052/_pkg_.a
packagefile time=$WORK/b022/_pkg_.a
packagefile unicode=$WORK/b019/_pkg_.a
packagefile unicode/utf8=$WORK/b020/_pkg_.a
packagefile sync=$WORK/b016/_pkg_.a
packagefile internal/oserror=$WORK/b024/_pkg_.a
packagefile internal/poll=$WORK/b037/_pkg_.a
packagefile internal/syscall/unix=$WORK/b038/_pkg_.a
packagefile internal/testlog=$WORK/b039/_pkg_.a
packagefile sync/atomic=$WORK/b018/_pkg_.a
packagefile internal/reflectlite=$WORK/b007/_pkg_.a
packagefile internal/bytealg=$WORK/b009/_pkg_.a
packagefile internal/cpu=$WORK/b010/_pkg_.a
packagefile runtime/internal/atomic=$WORK/b012/_pkg_.a
packagefile runtime/internal/math=$WORK/b013/_pkg_.a
packagefile runtime/internal/sys=$WORK/b014/_pkg_.a
packagefile internal/fmtsort=$WORK/b034/_pkg_.a
packagefile math=$WORK/b029/_pkg_.a
packagefile github.com/angelofdeauth/xnotify/pkg/read/box=$WORK/b059/_pkg_.a
packagefile encoding=$WORK/b026/_pkg_.a
packagefile encoding/base64=$WORK/b027/_pkg_.a
packagefile unicode/utf16=$WORK/b041/_pkg_.a
packagefile github.com/russross/blackfriday/v2=$WORK/b044/_pkg_.a
packagefile regexp/syntax=$WORK/b048/_pkg_.a
packagefile math/bits=$WORK/b030/_pkg_.a
packagefile internal/race=$WORK/b017/_pkg_.a
packagefile net/url=$WORK/b053/_pkg_.a
packagefile text/template/parse=$WORK/b054/_pkg_.a
packagefile encoding/binary=$WORK/b028/_pkg_.a
packagefile github.com/shurcooL/sanitized_anchor_name=$WORK/b045/_pkg_.a
packagefile html=$WORK/b046/_pkg_.a
EOF
mkdir -p $WORK/b001/exe/
cd .
GOROOT_FINAL='go' /usr/local/go/pkg/tool/linux_amd64/link -o $WORK/b001/exe/a.out -importcfg $WORK/b001/importcfg.link -buildmode=exe -buildid=bJltEoFonmESyxMj-L9H/L-HNnOKVfANttxXdS1Us/HgfJlPeXItY4nq_-F00z/bJltEoFonmESyxMj-L9H -X main.VERSION=v0.0.1 -X main.COMMIT=1d761b254aff102ae10f14e227863eab1b299bed -X main.APP=xnotify -extld=gcc $WORK/b001/_pkg_.a
/usr/local/go/pkg/tool/linux_amd64/buildid -w $WORK/b001/exe/a.out # internal
mkdir -p bin/v0.0.1/linux_amd64/
cp $WORK/b001/exe/a.out bin/v0.0.1/linux_amd64/xnotify
rm -r $WORK/b001/
